ARM GAS  /tmp/cc9HTB7M.s 			page 1


   1              		.syntax unified
   2              		.cpu cortex-m3
   3              		.fpu softvfp
   4              		.eabi_attribute 20, 1
   5              		.eabi_attribute 21, 1
   6              		.eabi_attribute 23, 3
   7              		.eabi_attribute 24, 1
   8              		.eabi_attribute 25, 1
   9              		.eabi_attribute 26, 1
  10              		.eabi_attribute 30, 1
  11              		.eabi_attribute 34, 1
  12              		.eabi_attribute 18, 4
  13              		.thumb
  14              		.syntax unified
  15              		.file	"stm32f1xx_hal_msp.c"
  16              		.text
  17              	.Ltext0:
  18              		.cfi_sections	.debug_frame
  19              		.section	.text.HAL_MspInit,"ax",%progbits
  20              		.align	2
  21              		.global	HAL_MspInit
  22              		.thumb
  23              		.thumb_func
  25              	HAL_MspInit:
  26              	.LFB64:
  27              		.file 1 "Src/stm32f1xx_hal_msp.c"
   1:Src/stm32f1xx_hal_msp.c **** /**
   2:Src/stm32f1xx_hal_msp.c ****   ******************************************************************************
   3:Src/stm32f1xx_hal_msp.c ****   * File Name          : stm32f1xx_hal_msp.c
   4:Src/stm32f1xx_hal_msp.c ****   * Description        : This file provides code for the MSP Initialization 
   5:Src/stm32f1xx_hal_msp.c ****   *                      and de-Initialization codes.
   6:Src/stm32f1xx_hal_msp.c ****   ******************************************************************************
   7:Src/stm32f1xx_hal_msp.c ****   * This notice applies to any and all portions of this file
   8:Src/stm32f1xx_hal_msp.c ****   * that are not between comment pairs USER CODE BEGIN and
   9:Src/stm32f1xx_hal_msp.c ****   * USER CODE END. Other portions of this file, whether 
  10:Src/stm32f1xx_hal_msp.c ****   * inserted by the user or by software development tools
  11:Src/stm32f1xx_hal_msp.c ****   * are owned by their respective copyright owners.
  12:Src/stm32f1xx_hal_msp.c ****   *
  13:Src/stm32f1xx_hal_msp.c ****   * Copyright (c) 2020 STMicroelectronics International N.V. 
  14:Src/stm32f1xx_hal_msp.c ****   * All rights reserved.
  15:Src/stm32f1xx_hal_msp.c ****   *
  16:Src/stm32f1xx_hal_msp.c ****   * Redistribution and use in source and binary forms, with or without 
  17:Src/stm32f1xx_hal_msp.c ****   * modification, are permitted, provided that the following conditions are met:
  18:Src/stm32f1xx_hal_msp.c ****   *
  19:Src/stm32f1xx_hal_msp.c ****   * 1. Redistribution of source code must retain the above copyright notice, 
  20:Src/stm32f1xx_hal_msp.c ****   *    this list of conditions and the following disclaimer.
  21:Src/stm32f1xx_hal_msp.c ****   * 2. Redistributions in binary form must reproduce the above copyright notice,
  22:Src/stm32f1xx_hal_msp.c ****   *    this list of conditions and the following disclaimer in the documentation
  23:Src/stm32f1xx_hal_msp.c ****   *    and/or other materials provided with the distribution.
  24:Src/stm32f1xx_hal_msp.c ****   * 3. Neither the name of STMicroelectronics nor the names of other 
  25:Src/stm32f1xx_hal_msp.c ****   *    contributors to this software may be used to endorse or promote products 
  26:Src/stm32f1xx_hal_msp.c ****   *    derived from this software without specific written permission.
  27:Src/stm32f1xx_hal_msp.c ****   * 4. This software, including modifications and/or derivative works of this 
  28:Src/stm32f1xx_hal_msp.c ****   *    software, must execute solely and exclusively on microcontroller or
  29:Src/stm32f1xx_hal_msp.c ****   *    microprocessor devices manufactured by or for STMicroelectronics.
  30:Src/stm32f1xx_hal_msp.c ****   * 5. Redistribution and use of this software other than as permitted under 
  31:Src/stm32f1xx_hal_msp.c ****   *    this license is void and will automatically terminate your rights under 
ARM GAS  /tmp/cc9HTB7M.s 			page 2


  32:Src/stm32f1xx_hal_msp.c ****   *    this license. 
  33:Src/stm32f1xx_hal_msp.c ****   *
  34:Src/stm32f1xx_hal_msp.c ****   * THIS SOFTWARE IS PROVIDED BY STMICROELECTRONICS AND CONTRIBUTORS "AS IS" 
  35:Src/stm32f1xx_hal_msp.c ****   * AND ANY EXPRESS, IMPLIED OR STATUTORY WARRANTIES, INCLUDING, BUT NOT 
  36:Src/stm32f1xx_hal_msp.c ****   * LIMITED TO, THE IMPLIED WARRANTIES OF MERCHANTABILITY, FITNESS FOR A 
  37:Src/stm32f1xx_hal_msp.c ****   * PARTICULAR PURPOSE AND NON-INFRINGEMENT OF THIRD PARTY INTELLECTUAL PROPERTY
  38:Src/stm32f1xx_hal_msp.c ****   * RIGHTS ARE DISCLAIMED TO THE FULLEST EXTENT PERMITTED BY LAW. IN NO EVENT 
  39:Src/stm32f1xx_hal_msp.c ****   * SHALL STMICROELECTRONICS OR CONTRIBUTORS BE LIABLE FOR ANY DIRECT, INDIRECT,
  40:Src/stm32f1xx_hal_msp.c ****   * INCIDENTAL, SPECIAL, EXEMPLARY, OR CONSEQUENTIAL DAMAGES (INCLUDING, BUT NOT
  41:Src/stm32f1xx_hal_msp.c ****   * LIMITED TO, PROCUREMENT OF SUBSTITUTE GOODS OR SERVICES; LOSS OF USE, DATA, 
  42:Src/stm32f1xx_hal_msp.c ****   * OR PROFITS; OR BUSINESS INTERRUPTION) HOWEVER CAUSED AND ON ANY THEORY OF 
  43:Src/stm32f1xx_hal_msp.c ****   * LIABILITY, WHETHER IN CONTRACT, STRICT LIABILITY, OR TORT (INCLUDING 
  44:Src/stm32f1xx_hal_msp.c ****   * NEGLIGENCE OR OTHERWISE) ARISING IN ANY WAY OUT OF THE USE OF THIS SOFTWARE,
  45:Src/stm32f1xx_hal_msp.c ****   * EVEN IF ADVISED OF THE POSSIBILITY OF SUCH DAMAGE.
  46:Src/stm32f1xx_hal_msp.c ****   *
  47:Src/stm32f1xx_hal_msp.c ****   ******************************************************************************
  48:Src/stm32f1xx_hal_msp.c ****   */
  49:Src/stm32f1xx_hal_msp.c **** /* Includes ------------------------------------------------------------------*/
  50:Src/stm32f1xx_hal_msp.c **** #include "stm32f1xx_hal.h"
  51:Src/stm32f1xx_hal_msp.c **** 
  52:Src/stm32f1xx_hal_msp.c **** extern DMA_HandleTypeDef hdma_usart1_rx;
  53:Src/stm32f1xx_hal_msp.c **** 
  54:Src/stm32f1xx_hal_msp.c **** extern DMA_HandleTypeDef hdma_usart2_rx;
  55:Src/stm32f1xx_hal_msp.c **** 
  56:Src/stm32f1xx_hal_msp.c **** extern void _Error_Handler(char *, int);
  57:Src/stm32f1xx_hal_msp.c **** /* USER CODE BEGIN 0 */
  58:Src/stm32f1xx_hal_msp.c **** 
  59:Src/stm32f1xx_hal_msp.c **** /* USER CODE END 0 */
  60:Src/stm32f1xx_hal_msp.c **** /**
  61:Src/stm32f1xx_hal_msp.c ****   * Initializes the Global MSP.
  62:Src/stm32f1xx_hal_msp.c ****   */
  63:Src/stm32f1xx_hal_msp.c **** void HAL_MspInit(void)
  64:Src/stm32f1xx_hal_msp.c **** {
  28              		.loc 1 64 0
  29              		.cfi_startproc
  30              		@ args = 0, pretend = 0, frame = 8
  31              		@ frame_needed = 0, uses_anonymous_args = 0
  32 0000 00B5     		push	{lr}
  33              	.LCFI0:
  34              		.cfi_def_cfa_offset 4
  35              		.cfi_offset 14, -4
  36 0002 83B0     		sub	sp, sp, #12
  37              	.LCFI1:
  38              		.cfi_def_cfa_offset 16
  39              	.LBB2:
  65:Src/stm32f1xx_hal_msp.c ****   /* USER CODE BEGIN MspInit 0 */
  66:Src/stm32f1xx_hal_msp.c **** 
  67:Src/stm32f1xx_hal_msp.c ****   /* USER CODE END MspInit 0 */
  68:Src/stm32f1xx_hal_msp.c **** 
  69:Src/stm32f1xx_hal_msp.c ****   __HAL_RCC_AFIO_CLK_ENABLE();
  40              		.loc 1 69 0
  41 0004 244B     		ldr	r3, .L3
  42 0006 9A69     		ldr	r2, [r3, #24]
  43 0008 42F00102 		orr	r2, r2, #1
  44 000c 9A61     		str	r2, [r3, #24]
  45 000e 9A69     		ldr	r2, [r3, #24]
  46 0010 02F00102 		and	r2, r2, #1
ARM GAS  /tmp/cc9HTB7M.s 			page 3


  47 0014 0092     		str	r2, [sp]
  48 0016 009A     		ldr	r2, [sp]
  49              	.LBE2:
  50              	.LBB3:
  70:Src/stm32f1xx_hal_msp.c ****   __HAL_RCC_PWR_CLK_ENABLE();
  51              		.loc 1 70 0
  52 0018 DA69     		ldr	r2, [r3, #28]
  53 001a 42F08052 		orr	r2, r2, #268435456
  54 001e DA61     		str	r2, [r3, #28]
  55 0020 DB69     		ldr	r3, [r3, #28]
  56 0022 03F08053 		and	r3, r3, #268435456
  57 0026 0193     		str	r3, [sp, #4]
  58 0028 019B     		ldr	r3, [sp, #4]
  59              	.LBE3:
  71:Src/stm32f1xx_hal_msp.c **** 
  72:Src/stm32f1xx_hal_msp.c ****   HAL_NVIC_SetPriorityGrouping(NVIC_PRIORITYGROUP_4);
  60              		.loc 1 72 0
  61 002a 0320     		movs	r0, #3
  62 002c FFF7FEFF 		bl	HAL_NVIC_SetPriorityGrouping
  63              	.LVL0:
  73:Src/stm32f1xx_hal_msp.c **** 
  74:Src/stm32f1xx_hal_msp.c ****   /* System interrupt init*/
  75:Src/stm32f1xx_hal_msp.c ****   /* MemoryManagement_IRQn interrupt configuration */
  76:Src/stm32f1xx_hal_msp.c ****   HAL_NVIC_SetPriority(MemoryManagement_IRQn, 0, 0);
  64              		.loc 1 76 0
  65 0030 0022     		movs	r2, #0
  66 0032 1146     		mov	r1, r2
  67 0034 6FF00B00 		mvn	r0, #11
  68 0038 FFF7FEFF 		bl	HAL_NVIC_SetPriority
  69              	.LVL1:
  77:Src/stm32f1xx_hal_msp.c ****   /* BusFault_IRQn interrupt configuration */
  78:Src/stm32f1xx_hal_msp.c ****   HAL_NVIC_SetPriority(BusFault_IRQn, 0, 0);
  70              		.loc 1 78 0
  71 003c 0022     		movs	r2, #0
  72 003e 1146     		mov	r1, r2
  73 0040 6FF00A00 		mvn	r0, #10
  74 0044 FFF7FEFF 		bl	HAL_NVIC_SetPriority
  75              	.LVL2:
  79:Src/stm32f1xx_hal_msp.c ****   /* UsageFault_IRQn interrupt configuration */
  80:Src/stm32f1xx_hal_msp.c ****   HAL_NVIC_SetPriority(UsageFault_IRQn, 0, 0);
  76              		.loc 1 80 0
  77 0048 0022     		movs	r2, #0
  78 004a 1146     		mov	r1, r2
  79 004c 6FF00900 		mvn	r0, #9
  80 0050 FFF7FEFF 		bl	HAL_NVIC_SetPriority
  81              	.LVL3:
  81:Src/stm32f1xx_hal_msp.c ****   /* SVCall_IRQn interrupt configuration */
  82:Src/stm32f1xx_hal_msp.c ****   HAL_NVIC_SetPriority(SVCall_IRQn, 0, 0);
  82              		.loc 1 82 0
  83 0054 0022     		movs	r2, #0
  84 0056 1146     		mov	r1, r2
  85 0058 6FF00400 		mvn	r0, #4
  86 005c FFF7FEFF 		bl	HAL_NVIC_SetPriority
  87              	.LVL4:
  83:Src/stm32f1xx_hal_msp.c ****   /* DebugMonitor_IRQn interrupt configuration */
  84:Src/stm32f1xx_hal_msp.c ****   HAL_NVIC_SetPriority(DebugMonitor_IRQn, 0, 0);
  88              		.loc 1 84 0
ARM GAS  /tmp/cc9HTB7M.s 			page 4


  89 0060 0022     		movs	r2, #0
  90 0062 1146     		mov	r1, r2
  91 0064 6FF00300 		mvn	r0, #3
  92 0068 FFF7FEFF 		bl	HAL_NVIC_SetPriority
  93              	.LVL5:
  85:Src/stm32f1xx_hal_msp.c ****   /* PendSV_IRQn interrupt configuration */
  86:Src/stm32f1xx_hal_msp.c ****   HAL_NVIC_SetPriority(PendSV_IRQn, 15, 0);
  94              		.loc 1 86 0
  95 006c 0022     		movs	r2, #0
  96 006e 0F21     		movs	r1, #15
  97 0070 6FF00100 		mvn	r0, #1
  98 0074 FFF7FEFF 		bl	HAL_NVIC_SetPriority
  99              	.LVL6:
  87:Src/stm32f1xx_hal_msp.c ****   /* SysTick_IRQn interrupt configuration */
  88:Src/stm32f1xx_hal_msp.c ****   HAL_NVIC_SetPriority(SysTick_IRQn, 15, 0);
 100              		.loc 1 88 0
 101 0078 0022     		movs	r2, #0
 102 007a 0F21     		movs	r1, #15
 103 007c 4FF0FF30 		mov	r0, #-1
 104 0080 FFF7FEFF 		bl	HAL_NVIC_SetPriority
 105              	.LVL7:
 106              	.LBB4:
  89:Src/stm32f1xx_hal_msp.c **** 
  90:Src/stm32f1xx_hal_msp.c ****     /**NOJTAG: JTAG-DP Disabled and SW-DP Enabled 
  91:Src/stm32f1xx_hal_msp.c ****     */
  92:Src/stm32f1xx_hal_msp.c ****   __HAL_AFIO_REMAP_SWJ_NOJTAG();
 107              		.loc 1 92 0
 108 0084 054A     		ldr	r2, .L3+4
 109 0086 5368     		ldr	r3, [r2, #4]
 110              	.LVL8:
 111 0088 23F0E063 		bic	r3, r3, #117440512
 112              	.LVL9:
 113 008c 43F00073 		orr	r3, r3, #33554432
 114              	.LVL10:
 115 0090 5360     		str	r3, [r2, #4]
 116              	.LBE4:
  93:Src/stm32f1xx_hal_msp.c **** 
  94:Src/stm32f1xx_hal_msp.c ****   /* USER CODE BEGIN MspInit 1 */
  95:Src/stm32f1xx_hal_msp.c **** 
  96:Src/stm32f1xx_hal_msp.c ****   /* USER CODE END MspInit 1 */
  97:Src/stm32f1xx_hal_msp.c **** }
 117              		.loc 1 97 0
 118 0092 03B0     		add	sp, sp, #12
 119              	.LCFI2:
 120              		.cfi_def_cfa_offset 4
 121              		@ sp needed
 122 0094 5DF804FB 		ldr	pc, [sp], #4
 123              	.L4:
 124              		.align	2
 125              	.L3:
 126 0098 00100240 		.word	1073876992
 127 009c 00000140 		.word	1073807360
 128              		.cfi_endproc
 129              	.LFE64:
 131              		.section	.text.HAL_UART_MspInit,"ax",%progbits
 132              		.align	2
 133              		.global	HAL_UART_MspInit
ARM GAS  /tmp/cc9HTB7M.s 			page 5


 134              		.thumb
 135              		.thumb_func
 137              	HAL_UART_MspInit:
 138              	.LFB65:
  98:Src/stm32f1xx_hal_msp.c **** 
  99:Src/stm32f1xx_hal_msp.c **** void HAL_UART_MspInit(UART_HandleTypeDef* huart)
 100:Src/stm32f1xx_hal_msp.c **** {
 139              		.loc 1 100 0
 140              		.cfi_startproc
 141              		@ args = 0, pretend = 0, frame = 32
 142              		@ frame_needed = 0, uses_anonymous_args = 0
 143              	.LVL11:
 144 0000 70B5     		push	{r4, r5, r6, lr}
 145              	.LCFI3:
 146              		.cfi_def_cfa_offset 16
 147              		.cfi_offset 4, -16
 148              		.cfi_offset 5, -12
 149              		.cfi_offset 6, -8
 150              		.cfi_offset 14, -4
 151 0002 88B0     		sub	sp, sp, #32
 152              	.LCFI4:
 153              		.cfi_def_cfa_offset 48
 154 0004 0446     		mov	r4, r0
 101:Src/stm32f1xx_hal_msp.c **** 
 102:Src/stm32f1xx_hal_msp.c ****   GPIO_InitTypeDef GPIO_InitStruct;
 103:Src/stm32f1xx_hal_msp.c ****   if(huart->Instance==USART1)
 155              		.loc 1 103 0
 156 0006 0368     		ldr	r3, [r0]
 157 0008 4A4A     		ldr	r2, .L12
 158 000a 9342     		cmp	r3, r2
 159 000c 35D1     		bne	.L6
 160              	.LBB5:
 104:Src/stm32f1xx_hal_msp.c ****   {
 105:Src/stm32f1xx_hal_msp.c ****   /* USER CODE BEGIN USART1_MspInit 0 */
 106:Src/stm32f1xx_hal_msp.c **** 
 107:Src/stm32f1xx_hal_msp.c ****   /* USER CODE END USART1_MspInit 0 */
 108:Src/stm32f1xx_hal_msp.c ****     /* Peripheral clock enable */
 109:Src/stm32f1xx_hal_msp.c ****     __HAL_RCC_USART1_CLK_ENABLE();
 161              		.loc 1 109 0
 162 000e 4A4B     		ldr	r3, .L12+4
 163 0010 9A69     		ldr	r2, [r3, #24]
 164 0012 42F48042 		orr	r2, r2, #16384
 165 0016 9A61     		str	r2, [r3, #24]
 166 0018 9B69     		ldr	r3, [r3, #24]
 167 001a 03F48043 		and	r3, r3, #16384
 168 001e 0193     		str	r3, [sp, #4]
 169 0020 019B     		ldr	r3, [sp, #4]
 170              	.LBE5:
 110:Src/stm32f1xx_hal_msp.c ****   
 111:Src/stm32f1xx_hal_msp.c ****     /**USART1 GPIO Configuration    
 112:Src/stm32f1xx_hal_msp.c ****     PA9     ------> USART1_TX
 113:Src/stm32f1xx_hal_msp.c ****     PA10     ------> USART1_RX 
 114:Src/stm32f1xx_hal_msp.c ****     */
 115:Src/stm32f1xx_hal_msp.c ****     GPIO_InitStruct.Pin = GPIO_PIN_9;
 171              		.loc 1 115 0
 172 0022 4FF40073 		mov	r3, #512
 173 0026 0493     		str	r3, [sp, #16]
ARM GAS  /tmp/cc9HTB7M.s 			page 6


 116:Src/stm32f1xx_hal_msp.c ****     GPIO_InitStruct.Mode = GPIO_MODE_AF_PP;
 174              		.loc 1 116 0
 175 0028 0223     		movs	r3, #2
 176 002a 0593     		str	r3, [sp, #20]
 117:Src/stm32f1xx_hal_msp.c ****     GPIO_InitStruct.Speed = GPIO_SPEED_FREQ_HIGH;
 177              		.loc 1 117 0
 178 002c 0323     		movs	r3, #3
 179 002e 0793     		str	r3, [sp, #28]
 118:Src/stm32f1xx_hal_msp.c ****     HAL_GPIO_Init(GPIOA, &GPIO_InitStruct);
 180              		.loc 1 118 0
 181 0030 424E     		ldr	r6, .L12+8
 182 0032 04A9     		add	r1, sp, #16
 183 0034 3046     		mov	r0, r6
 184              	.LVL12:
 185 0036 FFF7FEFF 		bl	HAL_GPIO_Init
 186              	.LVL13:
 119:Src/stm32f1xx_hal_msp.c **** 
 120:Src/stm32f1xx_hal_msp.c ****     GPIO_InitStruct.Pin = GPIO_PIN_10;
 187              		.loc 1 120 0
 188 003a 4FF48063 		mov	r3, #1024
 189 003e 0493     		str	r3, [sp, #16]
 121:Src/stm32f1xx_hal_msp.c ****     GPIO_InitStruct.Mode = GPIO_MODE_INPUT;
 190              		.loc 1 121 0
 191 0040 0025     		movs	r5, #0
 192 0042 0595     		str	r5, [sp, #20]
 122:Src/stm32f1xx_hal_msp.c ****     GPIO_InitStruct.Pull = GPIO_NOPULL;
 193              		.loc 1 122 0
 194 0044 0695     		str	r5, [sp, #24]
 123:Src/stm32f1xx_hal_msp.c ****     HAL_GPIO_Init(GPIOA, &GPIO_InitStruct);
 195              		.loc 1 123 0
 196 0046 04A9     		add	r1, sp, #16
 197 0048 3046     		mov	r0, r6
 198 004a FFF7FEFF 		bl	HAL_GPIO_Init
 199              	.LVL14:
 124:Src/stm32f1xx_hal_msp.c **** 
 125:Src/stm32f1xx_hal_msp.c ****     /* USART1 DMA Init */
 126:Src/stm32f1xx_hal_msp.c ****     /* USART1_RX Init */
 127:Src/stm32f1xx_hal_msp.c ****     hdma_usart1_rx.Instance = DMA1_Channel5;
 200              		.loc 1 127 0
 201 004e 3C48     		ldr	r0, .L12+12
 202 0050 3C4B     		ldr	r3, .L12+16
 203 0052 0360     		str	r3, [r0]
 128:Src/stm32f1xx_hal_msp.c ****     hdma_usart1_rx.Init.Direction = DMA_PERIPH_TO_MEMORY;
 204              		.loc 1 128 0
 205 0054 4560     		str	r5, [r0, #4]
 129:Src/stm32f1xx_hal_msp.c ****     hdma_usart1_rx.Init.PeriphInc = DMA_PINC_DISABLE;
 206              		.loc 1 129 0
 207 0056 8560     		str	r5, [r0, #8]
 130:Src/stm32f1xx_hal_msp.c ****     hdma_usart1_rx.Init.MemInc = DMA_MINC_ENABLE;
 208              		.loc 1 130 0
 209 0058 8023     		movs	r3, #128
 210 005a C360     		str	r3, [r0, #12]
 131:Src/stm32f1xx_hal_msp.c ****     hdma_usart1_rx.Init.PeriphDataAlignment = DMA_PDATAALIGN_BYTE;
 211              		.loc 1 131 0
 212 005c 0561     		str	r5, [r0, #16]
 132:Src/stm32f1xx_hal_msp.c ****     hdma_usart1_rx.Init.MemDataAlignment = DMA_MDATAALIGN_BYTE;
 213              		.loc 1 132 0
ARM GAS  /tmp/cc9HTB7M.s 			page 7


 214 005e 4561     		str	r5, [r0, #20]
 133:Src/stm32f1xx_hal_msp.c ****     hdma_usart1_rx.Init.Mode = DMA_NORMAL;
 215              		.loc 1 133 0
 216 0060 8561     		str	r5, [r0, #24]
 134:Src/stm32f1xx_hal_msp.c ****     hdma_usart1_rx.Init.Priority = DMA_PRIORITY_LOW;
 217              		.loc 1 134 0
 218 0062 C561     		str	r5, [r0, #28]
 135:Src/stm32f1xx_hal_msp.c ****     if (HAL_DMA_Init(&hdma_usart1_rx) != HAL_OK)
 219              		.loc 1 135 0
 220 0064 FFF7FEFF 		bl	HAL_DMA_Init
 221              	.LVL15:
 222 0068 18B1     		cbz	r0, .L7
 136:Src/stm32f1xx_hal_msp.c ****     {
 137:Src/stm32f1xx_hal_msp.c ****       _Error_Handler(__FILE__, __LINE__);
 223              		.loc 1 137 0
 224 006a 8921     		movs	r1, #137
 225 006c 3648     		ldr	r0, .L12+20
 226 006e FFF7FEFF 		bl	_Error_Handler
 227              	.LVL16:
 228              	.L7:
 138:Src/stm32f1xx_hal_msp.c ****     }
 139:Src/stm32f1xx_hal_msp.c **** 
 140:Src/stm32f1xx_hal_msp.c ****     __HAL_LINKDMA(huart,hdmarx,hdma_usart1_rx);
 229              		.loc 1 140 0
 230 0072 334B     		ldr	r3, .L12+12
 231 0074 6363     		str	r3, [r4, #52]
 232 0076 5C62     		str	r4, [r3, #36]
 233 0078 5AE0     		b	.L5
 234              	.LVL17:
 235              	.L6:
 141:Src/stm32f1xx_hal_msp.c **** 
 142:Src/stm32f1xx_hal_msp.c ****   /* USER CODE BEGIN USART1_MspInit 1 */
 143:Src/stm32f1xx_hal_msp.c **** 
 144:Src/stm32f1xx_hal_msp.c ****   /* USER CODE END USART1_MspInit 1 */
 145:Src/stm32f1xx_hal_msp.c ****   }
 146:Src/stm32f1xx_hal_msp.c ****   else if(huart->Instance==USART2)
 236              		.loc 1 146 0
 237 007a 344A     		ldr	r2, .L12+24
 238 007c 9342     		cmp	r3, r2
 239 007e 34D1     		bne	.L9
 240              	.LBB6:
 147:Src/stm32f1xx_hal_msp.c ****   {
 148:Src/stm32f1xx_hal_msp.c ****   /* USER CODE BEGIN USART2_MspInit 0 */
 149:Src/stm32f1xx_hal_msp.c **** 
 150:Src/stm32f1xx_hal_msp.c ****   /* USER CODE END USART2_MspInit 0 */
 151:Src/stm32f1xx_hal_msp.c ****     /* Peripheral clock enable */
 152:Src/stm32f1xx_hal_msp.c ****     __HAL_RCC_USART2_CLK_ENABLE();
 241              		.loc 1 152 0
 242 0080 2D4B     		ldr	r3, .L12+4
 243 0082 DA69     		ldr	r2, [r3, #28]
 244 0084 42F40032 		orr	r2, r2, #131072
 245 0088 DA61     		str	r2, [r3, #28]
 246 008a DB69     		ldr	r3, [r3, #28]
 247 008c 03F40033 		and	r3, r3, #131072
 248 0090 0293     		str	r3, [sp, #8]
 249 0092 029B     		ldr	r3, [sp, #8]
 250              	.LBE6:
ARM GAS  /tmp/cc9HTB7M.s 			page 8


 153:Src/stm32f1xx_hal_msp.c ****   
 154:Src/stm32f1xx_hal_msp.c ****     /**USART2 GPIO Configuration    
 155:Src/stm32f1xx_hal_msp.c ****     PA2     ------> USART2_TX
 156:Src/stm32f1xx_hal_msp.c ****     PA3     ------> USART2_RX 
 157:Src/stm32f1xx_hal_msp.c ****     */
 158:Src/stm32f1xx_hal_msp.c ****     GPIO_InitStruct.Pin = GPIO_PIN_2;
 251              		.loc 1 158 0
 252 0094 0423     		movs	r3, #4
 253 0096 0493     		str	r3, [sp, #16]
 159:Src/stm32f1xx_hal_msp.c ****     GPIO_InitStruct.Mode = GPIO_MODE_AF_PP;
 254              		.loc 1 159 0
 255 0098 0223     		movs	r3, #2
 256 009a 0593     		str	r3, [sp, #20]
 160:Src/stm32f1xx_hal_msp.c ****     GPIO_InitStruct.Speed = GPIO_SPEED_FREQ_HIGH;
 257              		.loc 1 160 0
 258 009c 0323     		movs	r3, #3
 259 009e 0793     		str	r3, [sp, #28]
 161:Src/stm32f1xx_hal_msp.c ****     HAL_GPIO_Init(GPIOA, &GPIO_InitStruct);
 260              		.loc 1 161 0
 261 00a0 264E     		ldr	r6, .L12+8
 262 00a2 04A9     		add	r1, sp, #16
 263 00a4 3046     		mov	r0, r6
 264              	.LVL18:
 265 00a6 FFF7FEFF 		bl	HAL_GPIO_Init
 266              	.LVL19:
 162:Src/stm32f1xx_hal_msp.c **** 
 163:Src/stm32f1xx_hal_msp.c ****     GPIO_InitStruct.Pin = GPIO_PIN_3;
 267              		.loc 1 163 0
 268 00aa 0823     		movs	r3, #8
 269 00ac 0493     		str	r3, [sp, #16]
 164:Src/stm32f1xx_hal_msp.c ****     GPIO_InitStruct.Mode = GPIO_MODE_INPUT;
 270              		.loc 1 164 0
 271 00ae 0025     		movs	r5, #0
 272 00b0 0595     		str	r5, [sp, #20]
 165:Src/stm32f1xx_hal_msp.c ****     GPIO_InitStruct.Pull = GPIO_NOPULL;
 273              		.loc 1 165 0
 274 00b2 0695     		str	r5, [sp, #24]
 166:Src/stm32f1xx_hal_msp.c ****     HAL_GPIO_Init(GPIOA, &GPIO_InitStruct);
 275              		.loc 1 166 0
 276 00b4 04A9     		add	r1, sp, #16
 277 00b6 3046     		mov	r0, r6
 278 00b8 FFF7FEFF 		bl	HAL_GPIO_Init
 279              	.LVL20:
 167:Src/stm32f1xx_hal_msp.c **** 
 168:Src/stm32f1xx_hal_msp.c ****     /* USART2 DMA Init */
 169:Src/stm32f1xx_hal_msp.c ****     /* USART2_RX Init */
 170:Src/stm32f1xx_hal_msp.c ****     hdma_usart2_rx.Instance = DMA1_Channel6;
 280              		.loc 1 170 0
 281 00bc 2448     		ldr	r0, .L12+28
 282 00be 254B     		ldr	r3, .L12+32
 283 00c0 0360     		str	r3, [r0]
 171:Src/stm32f1xx_hal_msp.c ****     hdma_usart2_rx.Init.Direction = DMA_PERIPH_TO_MEMORY;
 284              		.loc 1 171 0
 285 00c2 4560     		str	r5, [r0, #4]
 172:Src/stm32f1xx_hal_msp.c ****     hdma_usart2_rx.Init.PeriphInc = DMA_PINC_DISABLE;
 286              		.loc 1 172 0
 287 00c4 8560     		str	r5, [r0, #8]
ARM GAS  /tmp/cc9HTB7M.s 			page 9


 173:Src/stm32f1xx_hal_msp.c ****     hdma_usart2_rx.Init.MemInc = DMA_MINC_ENABLE;
 288              		.loc 1 173 0
 289 00c6 8023     		movs	r3, #128
 290 00c8 C360     		str	r3, [r0, #12]
 174:Src/stm32f1xx_hal_msp.c ****     hdma_usart2_rx.Init.PeriphDataAlignment = DMA_PDATAALIGN_BYTE;
 291              		.loc 1 174 0
 292 00ca 0561     		str	r5, [r0, #16]
 175:Src/stm32f1xx_hal_msp.c ****     hdma_usart2_rx.Init.MemDataAlignment = DMA_MDATAALIGN_BYTE;
 293              		.loc 1 175 0
 294 00cc 4561     		str	r5, [r0, #20]
 176:Src/stm32f1xx_hal_msp.c ****     hdma_usart2_rx.Init.Mode = DMA_CIRCULAR;
 295              		.loc 1 176 0
 296 00ce 2023     		movs	r3, #32
 297 00d0 8361     		str	r3, [r0, #24]
 177:Src/stm32f1xx_hal_msp.c ****     hdma_usart2_rx.Init.Priority = DMA_PRIORITY_LOW;
 298              		.loc 1 177 0
 299 00d2 C561     		str	r5, [r0, #28]
 178:Src/stm32f1xx_hal_msp.c ****     if (HAL_DMA_Init(&hdma_usart2_rx) != HAL_OK)
 300              		.loc 1 178 0
 301 00d4 FFF7FEFF 		bl	HAL_DMA_Init
 302              	.LVL21:
 303 00d8 18B1     		cbz	r0, .L10
 179:Src/stm32f1xx_hal_msp.c ****     {
 180:Src/stm32f1xx_hal_msp.c ****       _Error_Handler(__FILE__, __LINE__);
 304              		.loc 1 180 0
 305 00da B421     		movs	r1, #180
 306 00dc 1A48     		ldr	r0, .L12+20
 307 00de FFF7FEFF 		bl	_Error_Handler
 308              	.LVL22:
 309              	.L10:
 181:Src/stm32f1xx_hal_msp.c ****     }
 182:Src/stm32f1xx_hal_msp.c **** 
 183:Src/stm32f1xx_hal_msp.c ****     __HAL_LINKDMA(huart,hdmarx,hdma_usart2_rx);
 310              		.loc 1 183 0
 311 00e2 1B4B     		ldr	r3, .L12+28
 312 00e4 6363     		str	r3, [r4, #52]
 313 00e6 5C62     		str	r4, [r3, #36]
 314 00e8 22E0     		b	.L5
 315              	.LVL23:
 316              	.L9:
 184:Src/stm32f1xx_hal_msp.c **** 
 185:Src/stm32f1xx_hal_msp.c ****   /* USER CODE BEGIN USART2_MspInit 1 */
 186:Src/stm32f1xx_hal_msp.c **** 
 187:Src/stm32f1xx_hal_msp.c ****   /* USER CODE END USART2_MspInit 1 */
 188:Src/stm32f1xx_hal_msp.c ****   }
 189:Src/stm32f1xx_hal_msp.c ****   else if(huart->Instance==USART3)
 317              		.loc 1 189 0
 318 00ea 1B4A     		ldr	r2, .L12+36
 319 00ec 9342     		cmp	r3, r2
 320 00ee 1FD1     		bne	.L5
 321              	.LBB7:
 190:Src/stm32f1xx_hal_msp.c ****   {
 191:Src/stm32f1xx_hal_msp.c ****   /* USER CODE BEGIN USART3_MspInit 0 */
 192:Src/stm32f1xx_hal_msp.c **** 
 193:Src/stm32f1xx_hal_msp.c ****   /* USER CODE END USART3_MspInit 0 */
 194:Src/stm32f1xx_hal_msp.c ****     /* Peripheral clock enable */
 195:Src/stm32f1xx_hal_msp.c ****     __HAL_RCC_USART3_CLK_ENABLE();
ARM GAS  /tmp/cc9HTB7M.s 			page 10


 322              		.loc 1 195 0
 323 00f0 114B     		ldr	r3, .L12+4
 324 00f2 DA69     		ldr	r2, [r3, #28]
 325 00f4 42F48022 		orr	r2, r2, #262144
 326 00f8 DA61     		str	r2, [r3, #28]
 327 00fa DB69     		ldr	r3, [r3, #28]
 328 00fc 03F48023 		and	r3, r3, #262144
 329 0100 0393     		str	r3, [sp, #12]
 330 0102 039B     		ldr	r3, [sp, #12]
 331              	.LBE7:
 196:Src/stm32f1xx_hal_msp.c ****   
 197:Src/stm32f1xx_hal_msp.c ****     /**USART3 GPIO Configuration    
 198:Src/stm32f1xx_hal_msp.c ****     PB10     ------> USART3_TX
 199:Src/stm32f1xx_hal_msp.c ****     PB11     ------> USART3_RX 
 200:Src/stm32f1xx_hal_msp.c ****     */
 201:Src/stm32f1xx_hal_msp.c ****     GPIO_InitStruct.Pin = GPIO_PIN_10;
 332              		.loc 1 201 0
 333 0104 4FF48063 		mov	r3, #1024
 334 0108 0493     		str	r3, [sp, #16]
 202:Src/stm32f1xx_hal_msp.c ****     GPIO_InitStruct.Mode = GPIO_MODE_AF_PP;
 335              		.loc 1 202 0
 336 010a 0223     		movs	r3, #2
 337 010c 0593     		str	r3, [sp, #20]
 203:Src/stm32f1xx_hal_msp.c ****     GPIO_InitStruct.Speed = GPIO_SPEED_FREQ_HIGH;
 338              		.loc 1 203 0
 339 010e 0323     		movs	r3, #3
 340 0110 0793     		str	r3, [sp, #28]
 204:Src/stm32f1xx_hal_msp.c ****     HAL_GPIO_Init(GPIOB, &GPIO_InitStruct);
 341              		.loc 1 204 0
 342 0112 124C     		ldr	r4, .L12+40
 343 0114 04A9     		add	r1, sp, #16
 344 0116 2046     		mov	r0, r4
 345              	.LVL24:
 346 0118 FFF7FEFF 		bl	HAL_GPIO_Init
 347              	.LVL25:
 205:Src/stm32f1xx_hal_msp.c **** 
 206:Src/stm32f1xx_hal_msp.c ****     GPIO_InitStruct.Pin = GPIO_PIN_11;
 348              		.loc 1 206 0
 349 011c 4FF40063 		mov	r3, #2048
 350 0120 0493     		str	r3, [sp, #16]
 207:Src/stm32f1xx_hal_msp.c ****     GPIO_InitStruct.Mode = GPIO_MODE_INPUT;
 351              		.loc 1 207 0
 352 0122 0023     		movs	r3, #0
 353 0124 0593     		str	r3, [sp, #20]
 208:Src/stm32f1xx_hal_msp.c ****     GPIO_InitStruct.Pull = GPIO_NOPULL;
 354              		.loc 1 208 0
 355 0126 0693     		str	r3, [sp, #24]
 209:Src/stm32f1xx_hal_msp.c ****     HAL_GPIO_Init(GPIOB, &GPIO_InitStruct);
 356              		.loc 1 209 0
 357 0128 04A9     		add	r1, sp, #16
 358 012a 2046     		mov	r0, r4
 359 012c FFF7FEFF 		bl	HAL_GPIO_Init
 360              	.LVL26:
 361              	.L5:
 210:Src/stm32f1xx_hal_msp.c **** 
 211:Src/stm32f1xx_hal_msp.c ****   /* USER CODE BEGIN USART3_MspInit 1 */
 212:Src/stm32f1xx_hal_msp.c **** 
ARM GAS  /tmp/cc9HTB7M.s 			page 11


 213:Src/stm32f1xx_hal_msp.c ****   /* USER CODE END USART3_MspInit 1 */
 214:Src/stm32f1xx_hal_msp.c ****   }
 215:Src/stm32f1xx_hal_msp.c **** 
 216:Src/stm32f1xx_hal_msp.c **** }
 362              		.loc 1 216 0
 363 0130 08B0     		add	sp, sp, #32
 364              	.LCFI5:
 365              		.cfi_def_cfa_offset 16
 366              		@ sp needed
 367 0132 70BD     		pop	{r4, r5, r6, pc}
 368              	.L13:
 369              		.align	2
 370              	.L12:
 371 0134 00380140 		.word	1073821696
 372 0138 00100240 		.word	1073876992
 373 013c 00080140 		.word	1073809408
 374 0140 00000000 		.word	hdma_usart1_rx
 375 0144 58000240 		.word	1073872984
 376 0148 00000000 		.word	.LC0
 377 014c 00440040 		.word	1073759232
 378 0150 00000000 		.word	hdma_usart2_rx
 379 0154 6C000240 		.word	1073873004
 380 0158 00480040 		.word	1073760256
 381 015c 000C0140 		.word	1073810432
 382              		.cfi_endproc
 383              	.LFE65:
 385              		.section	.text.HAL_UART_MspDeInit,"ax",%progbits
 386              		.align	2
 387              		.global	HAL_UART_MspDeInit
 388              		.thumb
 389              		.thumb_func
 391              	HAL_UART_MspDeInit:
 392              	.LFB66:
 217:Src/stm32f1xx_hal_msp.c **** 
 218:Src/stm32f1xx_hal_msp.c **** void HAL_UART_MspDeInit(UART_HandleTypeDef* huart)
 219:Src/stm32f1xx_hal_msp.c **** {
 393              		.loc 1 219 0
 394              		.cfi_startproc
 395              		@ args = 0, pretend = 0, frame = 0
 396              		@ frame_needed = 0, uses_anonymous_args = 0
 397              	.LVL27:
 398 0000 10B5     		push	{r4, lr}
 399              	.LCFI6:
 400              		.cfi_def_cfa_offset 8
 401              		.cfi_offset 4, -8
 402              		.cfi_offset 14, -4
 403 0002 0446     		mov	r4, r0
 220:Src/stm32f1xx_hal_msp.c **** 
 221:Src/stm32f1xx_hal_msp.c ****   if(huart->Instance==USART1)
 404              		.loc 1 221 0
 405 0004 0368     		ldr	r3, [r0]
 406 0006 1D4A     		ldr	r2, .L19
 407 0008 9342     		cmp	r3, r2
 408 000a 11D1     		bne	.L15
 222:Src/stm32f1xx_hal_msp.c ****   {
 223:Src/stm32f1xx_hal_msp.c ****   /* USER CODE BEGIN USART1_MspDeInit 0 */
 224:Src/stm32f1xx_hal_msp.c **** 
ARM GAS  /tmp/cc9HTB7M.s 			page 12


 225:Src/stm32f1xx_hal_msp.c ****   /* USER CODE END USART1_MspDeInit 0 */
 226:Src/stm32f1xx_hal_msp.c ****     /* Peripheral clock disable */
 227:Src/stm32f1xx_hal_msp.c ****     __HAL_RCC_USART1_CLK_DISABLE();
 409              		.loc 1 227 0
 410 000c 02F55842 		add	r2, r2, #55296
 411 0010 9369     		ldr	r3, [r2, #24]
 412 0012 23F48043 		bic	r3, r3, #16384
 413 0016 9361     		str	r3, [r2, #24]
 228:Src/stm32f1xx_hal_msp.c ****   
 229:Src/stm32f1xx_hal_msp.c ****     /**USART1 GPIO Configuration    
 230:Src/stm32f1xx_hal_msp.c ****     PA9     ------> USART1_TX
 231:Src/stm32f1xx_hal_msp.c ****     PA10     ------> USART1_RX 
 232:Src/stm32f1xx_hal_msp.c ****     */
 233:Src/stm32f1xx_hal_msp.c ****     HAL_GPIO_DeInit(GPIOA, GPIO_PIN_9|GPIO_PIN_10);
 414              		.loc 1 233 0
 415 0018 4FF4C061 		mov	r1, #1536
 416 001c 1848     		ldr	r0, .L19+4
 417              	.LVL28:
 418 001e FFF7FEFF 		bl	HAL_GPIO_DeInit
 419              	.LVL29:
 234:Src/stm32f1xx_hal_msp.c **** 
 235:Src/stm32f1xx_hal_msp.c ****     /* USART1 DMA DeInit */
 236:Src/stm32f1xx_hal_msp.c ****     HAL_DMA_DeInit(huart->hdmarx);
 420              		.loc 1 236 0
 421 0022 606B     		ldr	r0, [r4, #52]
 422 0024 FFF7FEFF 		bl	HAL_DMA_DeInit
 423              	.LVL30:
 237:Src/stm32f1xx_hal_msp.c **** 
 238:Src/stm32f1xx_hal_msp.c ****     /* USART1 interrupt DeInit */
 239:Src/stm32f1xx_hal_msp.c ****     HAL_NVIC_DisableIRQ(USART1_IRQn);
 424              		.loc 1 239 0
 425 0028 2520     		movs	r0, #37
 426 002a FFF7FEFF 		bl	HAL_NVIC_DisableIRQ
 427              	.LVL31:
 428 002e 10BD     		pop	{r4, pc}
 429              	.LVL32:
 430              	.L15:
 240:Src/stm32f1xx_hal_msp.c ****   /* USER CODE BEGIN USART1_MspDeInit 1 */
 241:Src/stm32f1xx_hal_msp.c **** 
 242:Src/stm32f1xx_hal_msp.c ****   /* USER CODE END USART1_MspDeInit 1 */
 243:Src/stm32f1xx_hal_msp.c ****   }
 244:Src/stm32f1xx_hal_msp.c ****   else if(huart->Instance==USART2)
 431              		.loc 1 244 0
 432 0030 144A     		ldr	r2, .L19+8
 433 0032 9342     		cmp	r3, r2
 434 0034 10D1     		bne	.L17
 245:Src/stm32f1xx_hal_msp.c ****   {
 246:Src/stm32f1xx_hal_msp.c ****   /* USER CODE BEGIN USART2_MspDeInit 0 */
 247:Src/stm32f1xx_hal_msp.c **** 
 248:Src/stm32f1xx_hal_msp.c ****   /* USER CODE END USART2_MspDeInit 0 */
 249:Src/stm32f1xx_hal_msp.c ****     /* Peripheral clock disable */
 250:Src/stm32f1xx_hal_msp.c ****     __HAL_RCC_USART2_CLK_DISABLE();
 435              		.loc 1 250 0
 436 0036 02F5E632 		add	r2, r2, #117760
 437 003a D369     		ldr	r3, [r2, #28]
 438 003c 23F40033 		bic	r3, r3, #131072
 439 0040 D361     		str	r3, [r2, #28]
ARM GAS  /tmp/cc9HTB7M.s 			page 13


 251:Src/stm32f1xx_hal_msp.c ****   
 252:Src/stm32f1xx_hal_msp.c ****     /**USART2 GPIO Configuration    
 253:Src/stm32f1xx_hal_msp.c ****     PA2     ------> USART2_TX
 254:Src/stm32f1xx_hal_msp.c ****     PA3     ------> USART2_RX 
 255:Src/stm32f1xx_hal_msp.c ****     */
 256:Src/stm32f1xx_hal_msp.c ****     HAL_GPIO_DeInit(GPIOA, GPIO_PIN_2|GPIO_PIN_3);
 440              		.loc 1 256 0
 441 0042 0C21     		movs	r1, #12
 442 0044 0E48     		ldr	r0, .L19+4
 443              	.LVL33:
 444 0046 FFF7FEFF 		bl	HAL_GPIO_DeInit
 445              	.LVL34:
 257:Src/stm32f1xx_hal_msp.c **** 
 258:Src/stm32f1xx_hal_msp.c ****     /* USART2 DMA DeInit */
 259:Src/stm32f1xx_hal_msp.c ****     HAL_DMA_DeInit(huart->hdmarx);
 446              		.loc 1 259 0
 447 004a 606B     		ldr	r0, [r4, #52]
 448 004c FFF7FEFF 		bl	HAL_DMA_DeInit
 449              	.LVL35:
 260:Src/stm32f1xx_hal_msp.c **** 
 261:Src/stm32f1xx_hal_msp.c ****     /* USART2 interrupt DeInit */
 262:Src/stm32f1xx_hal_msp.c ****     HAL_NVIC_DisableIRQ(USART2_IRQn);
 450              		.loc 1 262 0
 451 0050 2620     		movs	r0, #38
 452 0052 FFF7FEFF 		bl	HAL_NVIC_DisableIRQ
 453              	.LVL36:
 454 0056 10BD     		pop	{r4, pc}
 455              	.LVL37:
 456              	.L17:
 263:Src/stm32f1xx_hal_msp.c ****   /* USER CODE BEGIN USART2_MspDeInit 1 */
 264:Src/stm32f1xx_hal_msp.c **** 
 265:Src/stm32f1xx_hal_msp.c ****   /* USER CODE END USART2_MspDeInit 1 */
 266:Src/stm32f1xx_hal_msp.c ****   }
 267:Src/stm32f1xx_hal_msp.c ****   else if(huart->Instance==USART3)
 457              		.loc 1 267 0
 458 0058 0B4A     		ldr	r2, .L19+12
 459 005a 9342     		cmp	r3, r2
 460 005c 0DD1     		bne	.L14
 268:Src/stm32f1xx_hal_msp.c ****   {
 269:Src/stm32f1xx_hal_msp.c ****   /* USER CODE BEGIN USART3_MspDeInit 0 */
 270:Src/stm32f1xx_hal_msp.c **** 
 271:Src/stm32f1xx_hal_msp.c ****   /* USER CODE END USART3_MspDeInit 0 */
 272:Src/stm32f1xx_hal_msp.c ****     /* Peripheral clock disable */
 273:Src/stm32f1xx_hal_msp.c ****     __HAL_RCC_USART3_CLK_DISABLE();
 461              		.loc 1 273 0
 462 005e 02F5E432 		add	r2, r2, #116736
 463 0062 D369     		ldr	r3, [r2, #28]
 464 0064 23F48023 		bic	r3, r3, #262144
 465 0068 D361     		str	r3, [r2, #28]
 274:Src/stm32f1xx_hal_msp.c ****   
 275:Src/stm32f1xx_hal_msp.c ****     /**USART3 GPIO Configuration    
 276:Src/stm32f1xx_hal_msp.c ****     PB10     ------> USART3_TX
 277:Src/stm32f1xx_hal_msp.c ****     PB11     ------> USART3_RX 
 278:Src/stm32f1xx_hal_msp.c ****     */
 279:Src/stm32f1xx_hal_msp.c ****     HAL_GPIO_DeInit(GPIOB, GPIO_PIN_10|GPIO_PIN_11);
 466              		.loc 1 279 0
 467 006a 4FF44061 		mov	r1, #3072
ARM GAS  /tmp/cc9HTB7M.s 			page 14


 468 006e 0748     		ldr	r0, .L19+16
 469              	.LVL38:
 470 0070 FFF7FEFF 		bl	HAL_GPIO_DeInit
 471              	.LVL39:
 280:Src/stm32f1xx_hal_msp.c **** 
 281:Src/stm32f1xx_hal_msp.c ****     /* USART3 interrupt DeInit */
 282:Src/stm32f1xx_hal_msp.c ****     HAL_NVIC_DisableIRQ(USART3_IRQn);
 472              		.loc 1 282 0
 473 0074 2720     		movs	r0, #39
 474 0076 FFF7FEFF 		bl	HAL_NVIC_DisableIRQ
 475              	.LVL40:
 476              	.L14:
 477 007a 10BD     		pop	{r4, pc}
 478              	.LVL41:
 479              	.L20:
 480              		.align	2
 481              	.L19:
 482 007c 00380140 		.word	1073821696
 483 0080 00080140 		.word	1073809408
 484 0084 00440040 		.word	1073759232
 485 0088 00480040 		.word	1073760256
 486 008c 000C0140 		.word	1073810432
 487              		.cfi_endproc
 488              	.LFE66:
 490              		.section	.rodata.str1.4,"aMS",%progbits,1
 491              		.align	2
 492              	.LC0:
 493 0000 5372632F 		.ascii	"Src/stm32f1xx_hal_msp.c\000"
 493      73746D33 
 493      32663178 
 493      785F6861 
 493      6C5F6D73 
 494              		.text
 495              	.Letext0:
 496              		.file 2 "/usr/include/newlib/machine/_default_types.h"
 497              		.file 3 "/usr/include/newlib/sys/_stdint.h"
 498              		.file 4 "Drivers/CMSIS/Device/ST/STM32F1xx/Include/stm32f103xe.h"
 499              		.file 5 "Drivers/STM32F1xx_HAL_Driver/Inc/stm32f1xx_hal_def.h"
 500              		.file 6 "Drivers/STM32F1xx_HAL_Driver/Inc/stm32f1xx_hal_gpio.h"
 501              		.file 7 "Drivers/STM32F1xx_HAL_Driver/Inc/stm32f1xx_hal_dma.h"
 502              		.file 8 "Drivers/STM32F1xx_HAL_Driver/Inc/stm32f1xx_hal_uart.h"
 503              		.file 9 "Drivers/CMSIS/Include/core_cm3.h"
 504              		.file 10 "Drivers/STM32F1xx_HAL_Driver/Inc/stm32f1xx_hal_cortex.h"
ARM GAS  /tmp/cc9HTB7M.s 			page 15


DEFINED SYMBOLS
                            *ABS*:00000000 stm32f1xx_hal_msp.c
     /tmp/cc9HTB7M.s:20     .text.HAL_MspInit:00000000 $t
     /tmp/cc9HTB7M.s:25     .text.HAL_MspInit:00000000 HAL_MspInit
     /tmp/cc9HTB7M.s:126    .text.HAL_MspInit:00000098 $d
     /tmp/cc9HTB7M.s:132    .text.HAL_UART_MspInit:00000000 $t
     /tmp/cc9HTB7M.s:137    .text.HAL_UART_MspInit:00000000 HAL_UART_MspInit
     /tmp/cc9HTB7M.s:371    .text.HAL_UART_MspInit:00000134 $d
     /tmp/cc9HTB7M.s:386    .text.HAL_UART_MspDeInit:00000000 $t
     /tmp/cc9HTB7M.s:391    .text.HAL_UART_MspDeInit:00000000 HAL_UART_MspDeInit
     /tmp/cc9HTB7M.s:482    .text.HAL_UART_MspDeInit:0000007c $d
     /tmp/cc9HTB7M.s:491    .rodata.str1.4:00000000 $d
                     .debug_frame:00000010 $d

UNDEFINED SYMBOLS
HAL_NVIC_SetPriorityGrouping
HAL_NVIC_SetPriority
HAL_GPIO_Init
HAL_DMA_Init
_Error_Handler
hdma_usart1_rx
hdma_usart2_rx
HAL_GPIO_DeInit
HAL_DMA_DeInit
HAL_NVIC_DisableIRQ
