ARM GAS  /tmp/ccZZYvEA.s 			page 1


   1              		.syntax unified
   2              		.cpu cortex-m3
   3              		.fpu softvfp
   4              		.eabi_attribute 20, 1
   5              		.eabi_attribute 21, 1
   6              		.eabi_attribute 23, 3
   7              		.eabi_attribute 24, 1
   8              		.eabi_attribute 25, 1
   9              		.eabi_attribute 26, 1
  10              		.eabi_attribute 30, 1
  11              		.eabi_attribute 34, 1
  12              		.eabi_attribute 18, 4
  13              		.thumb
  14              		.syntax unified
  15              		.file	"stm32f1xx_hal_msp.c"
  16              		.text
  17              	.Ltext0:
  18              		.cfi_sections	.debug_frame
  19              		.section	.text.HAL_MspInit,"ax",%progbits
  20              		.align	2
  21              		.global	HAL_MspInit
  22              		.thumb
  23              		.thumb_func
  25              	HAL_MspInit:
  26              	.LFB64:
  27              		.file 1 "Src/stm32f1xx_hal_msp.c"
   1:Src/stm32f1xx_hal_msp.c **** /**
   2:Src/stm32f1xx_hal_msp.c ****   ******************************************************************************
   3:Src/stm32f1xx_hal_msp.c ****   * File Name          : stm32f1xx_hal_msp.c
   4:Src/stm32f1xx_hal_msp.c ****   * Description        : This file provides code for the MSP Initialization 
   5:Src/stm32f1xx_hal_msp.c ****   *                      and de-Initialization codes.
   6:Src/stm32f1xx_hal_msp.c ****   ******************************************************************************
   7:Src/stm32f1xx_hal_msp.c ****   * This notice applies to any and all portions of this file
   8:Src/stm32f1xx_hal_msp.c ****   * that are not between comment pairs USER CODE BEGIN and
   9:Src/stm32f1xx_hal_msp.c ****   * USER CODE END. Other portions of this file, whether 
  10:Src/stm32f1xx_hal_msp.c ****   * inserted by the user or by software development tools
  11:Src/stm32f1xx_hal_msp.c ****   * are owned by their respective copyright owners.
  12:Src/stm32f1xx_hal_msp.c ****   *
  13:Src/stm32f1xx_hal_msp.c ****   * Copyright (c) 2020 STMicroelectronics International N.V. 
  14:Src/stm32f1xx_hal_msp.c ****   * All rights reserved.
  15:Src/stm32f1xx_hal_msp.c ****   *
  16:Src/stm32f1xx_hal_msp.c ****   * Redistribution and use in source and binary forms, with or without 
  17:Src/stm32f1xx_hal_msp.c ****   * modification, are permitted, provided that the following conditions are met:
  18:Src/stm32f1xx_hal_msp.c ****   *
  19:Src/stm32f1xx_hal_msp.c ****   * 1. Redistribution of source code must retain the above copyright notice, 
  20:Src/stm32f1xx_hal_msp.c ****   *    this list of conditions and the following disclaimer.
  21:Src/stm32f1xx_hal_msp.c ****   * 2. Redistributions in binary form must reproduce the above copyright notice,
  22:Src/stm32f1xx_hal_msp.c ****   *    this list of conditions and the following disclaimer in the documentation
  23:Src/stm32f1xx_hal_msp.c ****   *    and/or other materials provided with the distribution.
  24:Src/stm32f1xx_hal_msp.c ****   * 3. Neither the name of STMicroelectronics nor the names of other 
  25:Src/stm32f1xx_hal_msp.c ****   *    contributors to this software may be used to endorse or promote products 
  26:Src/stm32f1xx_hal_msp.c ****   *    derived from this software without specific written permission.
  27:Src/stm32f1xx_hal_msp.c ****   * 4. This software, including modifications and/or derivative works of this 
  28:Src/stm32f1xx_hal_msp.c ****   *    software, must execute solely and exclusively on microcontroller or
  29:Src/stm32f1xx_hal_msp.c ****   *    microprocessor devices manufactured by or for STMicroelectronics.
  30:Src/stm32f1xx_hal_msp.c ****   * 5. Redistribution and use of this software other than as permitted under 
  31:Src/stm32f1xx_hal_msp.c ****   *    this license is void and will automatically terminate your rights under 
ARM GAS  /tmp/ccZZYvEA.s 			page 2


  32:Src/stm32f1xx_hal_msp.c ****   *    this license. 
  33:Src/stm32f1xx_hal_msp.c ****   *
  34:Src/stm32f1xx_hal_msp.c ****   * THIS SOFTWARE IS PROVIDED BY STMICROELECTRONICS AND CONTRIBUTORS "AS IS" 
  35:Src/stm32f1xx_hal_msp.c ****   * AND ANY EXPRESS, IMPLIED OR STATUTORY WARRANTIES, INCLUDING, BUT NOT 
  36:Src/stm32f1xx_hal_msp.c ****   * LIMITED TO, THE IMPLIED WARRANTIES OF MERCHANTABILITY, FITNESS FOR A 
  37:Src/stm32f1xx_hal_msp.c ****   * PARTICULAR PURPOSE AND NON-INFRINGEMENT OF THIRD PARTY INTELLECTUAL PROPERTY
  38:Src/stm32f1xx_hal_msp.c ****   * RIGHTS ARE DISCLAIMED TO THE FULLEST EXTENT PERMITTED BY LAW. IN NO EVENT 
  39:Src/stm32f1xx_hal_msp.c ****   * SHALL STMICROELECTRONICS OR CONTRIBUTORS BE LIABLE FOR ANY DIRECT, INDIRECT,
  40:Src/stm32f1xx_hal_msp.c ****   * INCIDENTAL, SPECIAL, EXEMPLARY, OR CONSEQUENTIAL DAMAGES (INCLUDING, BUT NOT
  41:Src/stm32f1xx_hal_msp.c ****   * LIMITED TO, PROCUREMENT OF SUBSTITUTE GOODS OR SERVICES; LOSS OF USE, DATA, 
  42:Src/stm32f1xx_hal_msp.c ****   * OR PROFITS; OR BUSINESS INTERRUPTION) HOWEVER CAUSED AND ON ANY THEORY OF 
  43:Src/stm32f1xx_hal_msp.c ****   * LIABILITY, WHETHER IN CONTRACT, STRICT LIABILITY, OR TORT (INCLUDING 
  44:Src/stm32f1xx_hal_msp.c ****   * NEGLIGENCE OR OTHERWISE) ARISING IN ANY WAY OUT OF THE USE OF THIS SOFTWARE,
  45:Src/stm32f1xx_hal_msp.c ****   * EVEN IF ADVISED OF THE POSSIBILITY OF SUCH DAMAGE.
  46:Src/stm32f1xx_hal_msp.c ****   *
  47:Src/stm32f1xx_hal_msp.c ****   ******************************************************************************
  48:Src/stm32f1xx_hal_msp.c ****   */
  49:Src/stm32f1xx_hal_msp.c **** /* Includes ------------------------------------------------------------------*/
  50:Src/stm32f1xx_hal_msp.c **** #include "stm32f1xx_hal.h"
  51:Src/stm32f1xx_hal_msp.c **** 
  52:Src/stm32f1xx_hal_msp.c **** extern void _Error_Handler(char *, int);
  53:Src/stm32f1xx_hal_msp.c **** /* USER CODE BEGIN 0 */
  54:Src/stm32f1xx_hal_msp.c **** 
  55:Src/stm32f1xx_hal_msp.c **** /* USER CODE END 0 */
  56:Src/stm32f1xx_hal_msp.c **** /**
  57:Src/stm32f1xx_hal_msp.c ****   * Initializes the Global MSP.
  58:Src/stm32f1xx_hal_msp.c ****   */
  59:Src/stm32f1xx_hal_msp.c **** void HAL_MspInit(void)
  60:Src/stm32f1xx_hal_msp.c **** {
  28              		.loc 1 60 0
  29              		.cfi_startproc
  30              		@ args = 0, pretend = 0, frame = 8
  31              		@ frame_needed = 0, uses_anonymous_args = 0
  32 0000 00B5     		push	{lr}
  33              	.LCFI0:
  34              		.cfi_def_cfa_offset 4
  35              		.cfi_offset 14, -4
  36 0002 83B0     		sub	sp, sp, #12
  37              	.LCFI1:
  38              		.cfi_def_cfa_offset 16
  39              	.LBB2:
  61:Src/stm32f1xx_hal_msp.c ****   /* USER CODE BEGIN MspInit 0 */
  62:Src/stm32f1xx_hal_msp.c **** 
  63:Src/stm32f1xx_hal_msp.c ****   /* USER CODE END MspInit 0 */
  64:Src/stm32f1xx_hal_msp.c **** 
  65:Src/stm32f1xx_hal_msp.c ****   __HAL_RCC_AFIO_CLK_ENABLE();
  40              		.loc 1 65 0
  41 0004 244B     		ldr	r3, .L3
  42 0006 9A69     		ldr	r2, [r3, #24]
  43 0008 42F00102 		orr	r2, r2, #1
  44 000c 9A61     		str	r2, [r3, #24]
  45 000e 9A69     		ldr	r2, [r3, #24]
  46 0010 02F00102 		and	r2, r2, #1
  47 0014 0092     		str	r2, [sp]
  48 0016 009A     		ldr	r2, [sp]
  49              	.LBE2:
  50              	.LBB3:
ARM GAS  /tmp/ccZZYvEA.s 			page 3


  66:Src/stm32f1xx_hal_msp.c ****   __HAL_RCC_PWR_CLK_ENABLE();
  51              		.loc 1 66 0
  52 0018 DA69     		ldr	r2, [r3, #28]
  53 001a 42F08052 		orr	r2, r2, #268435456
  54 001e DA61     		str	r2, [r3, #28]
  55 0020 DB69     		ldr	r3, [r3, #28]
  56 0022 03F08053 		and	r3, r3, #268435456
  57 0026 0193     		str	r3, [sp, #4]
  58 0028 019B     		ldr	r3, [sp, #4]
  59              	.LBE3:
  67:Src/stm32f1xx_hal_msp.c **** 
  68:Src/stm32f1xx_hal_msp.c ****   HAL_NVIC_SetPriorityGrouping(NVIC_PRIORITYGROUP_4);
  60              		.loc 1 68 0
  61 002a 0320     		movs	r0, #3
  62 002c FFF7FEFF 		bl	HAL_NVIC_SetPriorityGrouping
  63              	.LVL0:
  69:Src/stm32f1xx_hal_msp.c **** 
  70:Src/stm32f1xx_hal_msp.c ****   /* System interrupt init*/
  71:Src/stm32f1xx_hal_msp.c ****   /* MemoryManagement_IRQn interrupt configuration */
  72:Src/stm32f1xx_hal_msp.c ****   HAL_NVIC_SetPriority(MemoryManagement_IRQn, 0, 0);
  64              		.loc 1 72 0
  65 0030 0022     		movs	r2, #0
  66 0032 1146     		mov	r1, r2
  67 0034 6FF00B00 		mvn	r0, #11
  68 0038 FFF7FEFF 		bl	HAL_NVIC_SetPriority
  69              	.LVL1:
  73:Src/stm32f1xx_hal_msp.c ****   /* BusFault_IRQn interrupt configuration */
  74:Src/stm32f1xx_hal_msp.c ****   HAL_NVIC_SetPriority(BusFault_IRQn, 0, 0);
  70              		.loc 1 74 0
  71 003c 0022     		movs	r2, #0
  72 003e 1146     		mov	r1, r2
  73 0040 6FF00A00 		mvn	r0, #10
  74 0044 FFF7FEFF 		bl	HAL_NVIC_SetPriority
  75              	.LVL2:
  75:Src/stm32f1xx_hal_msp.c ****   /* UsageFault_IRQn interrupt configuration */
  76:Src/stm32f1xx_hal_msp.c ****   HAL_NVIC_SetPriority(UsageFault_IRQn, 0, 0);
  76              		.loc 1 76 0
  77 0048 0022     		movs	r2, #0
  78 004a 1146     		mov	r1, r2
  79 004c 6FF00900 		mvn	r0, #9
  80 0050 FFF7FEFF 		bl	HAL_NVIC_SetPriority
  81              	.LVL3:
  77:Src/stm32f1xx_hal_msp.c ****   /* SVCall_IRQn interrupt configuration */
  78:Src/stm32f1xx_hal_msp.c ****   HAL_NVIC_SetPriority(SVCall_IRQn, 0, 0);
  82              		.loc 1 78 0
  83 0054 0022     		movs	r2, #0
  84 0056 1146     		mov	r1, r2
  85 0058 6FF00400 		mvn	r0, #4
  86 005c FFF7FEFF 		bl	HAL_NVIC_SetPriority
  87              	.LVL4:
  79:Src/stm32f1xx_hal_msp.c ****   /* DebugMonitor_IRQn interrupt configuration */
  80:Src/stm32f1xx_hal_msp.c ****   HAL_NVIC_SetPriority(DebugMonitor_IRQn, 0, 0);
  88              		.loc 1 80 0
  89 0060 0022     		movs	r2, #0
  90 0062 1146     		mov	r1, r2
  91 0064 6FF00300 		mvn	r0, #3
  92 0068 FFF7FEFF 		bl	HAL_NVIC_SetPriority
ARM GAS  /tmp/ccZZYvEA.s 			page 4


  93              	.LVL5:
  81:Src/stm32f1xx_hal_msp.c ****   /* PendSV_IRQn interrupt configuration */
  82:Src/stm32f1xx_hal_msp.c ****   HAL_NVIC_SetPriority(PendSV_IRQn, 15, 0);
  94              		.loc 1 82 0
  95 006c 0022     		movs	r2, #0
  96 006e 0F21     		movs	r1, #15
  97 0070 6FF00100 		mvn	r0, #1
  98 0074 FFF7FEFF 		bl	HAL_NVIC_SetPriority
  99              	.LVL6:
  83:Src/stm32f1xx_hal_msp.c ****   /* SysTick_IRQn interrupt configuration */
  84:Src/stm32f1xx_hal_msp.c ****   HAL_NVIC_SetPriority(SysTick_IRQn, 15, 0);
 100              		.loc 1 84 0
 101 0078 0022     		movs	r2, #0
 102 007a 0F21     		movs	r1, #15
 103 007c 4FF0FF30 		mov	r0, #-1
 104 0080 FFF7FEFF 		bl	HAL_NVIC_SetPriority
 105              	.LVL7:
 106              	.LBB4:
  85:Src/stm32f1xx_hal_msp.c **** 
  86:Src/stm32f1xx_hal_msp.c ****     /**NOJTAG: JTAG-DP Disabled and SW-DP Enabled 
  87:Src/stm32f1xx_hal_msp.c ****     */
  88:Src/stm32f1xx_hal_msp.c ****   __HAL_AFIO_REMAP_SWJ_NOJTAG();
 107              		.loc 1 88 0
 108 0084 054A     		ldr	r2, .L3+4
 109 0086 5368     		ldr	r3, [r2, #4]
 110              	.LVL8:
 111 0088 23F0E063 		bic	r3, r3, #117440512
 112              	.LVL9:
 113 008c 43F00073 		orr	r3, r3, #33554432
 114              	.LVL10:
 115 0090 5360     		str	r3, [r2, #4]
 116              	.LBE4:
  89:Src/stm32f1xx_hal_msp.c **** 
  90:Src/stm32f1xx_hal_msp.c ****   /* USER CODE BEGIN MspInit 1 */
  91:Src/stm32f1xx_hal_msp.c **** 
  92:Src/stm32f1xx_hal_msp.c ****   /* USER CODE END MspInit 1 */
  93:Src/stm32f1xx_hal_msp.c **** }
 117              		.loc 1 93 0
 118 0092 03B0     		add	sp, sp, #12
 119              	.LCFI2:
 120              		.cfi_def_cfa_offset 4
 121              		@ sp needed
 122 0094 5DF804FB 		ldr	pc, [sp], #4
 123              	.L4:
 124              		.align	2
 125              	.L3:
 126 0098 00100240 		.word	1073876992
 127 009c 00000140 		.word	1073807360
 128              		.cfi_endproc
 129              	.LFE64:
 131              		.section	.text.HAL_CAN_MspInit,"ax",%progbits
 132              		.align	2
 133              		.global	HAL_CAN_MspInit
 134              		.thumb
 135              		.thumb_func
 137              	HAL_CAN_MspInit:
 138              	.LFB65:
ARM GAS  /tmp/ccZZYvEA.s 			page 5


  94:Src/stm32f1xx_hal_msp.c **** 
  95:Src/stm32f1xx_hal_msp.c **** void HAL_CAN_MspInit(CAN_HandleTypeDef* hcan)
  96:Src/stm32f1xx_hal_msp.c **** {
 139              		.loc 1 96 0
 140              		.cfi_startproc
 141              		@ args = 0, pretend = 0, frame = 24
 142              		@ frame_needed = 0, uses_anonymous_args = 0
 143              	.LVL11:
  97:Src/stm32f1xx_hal_msp.c **** 
  98:Src/stm32f1xx_hal_msp.c ****   GPIO_InitTypeDef GPIO_InitStruct;
  99:Src/stm32f1xx_hal_msp.c ****   if(hcan->Instance==CAN1)
 144              		.loc 1 99 0
 145 0000 0268     		ldr	r2, [r0]
 146 0002 1D4B     		ldr	r3, .L9
 147 0004 9A42     		cmp	r2, r3
 148 0006 35D1     		bne	.L8
  96:Src/stm32f1xx_hal_msp.c **** 
 149              		.loc 1 96 0
 150 0008 30B5     		push	{r4, r5, lr}
 151              	.LCFI3:
 152              		.cfi_def_cfa_offset 12
 153              		.cfi_offset 4, -12
 154              		.cfi_offset 5, -8
 155              		.cfi_offset 14, -4
 156 000a 87B0     		sub	sp, sp, #28
 157              	.LCFI4:
 158              		.cfi_def_cfa_offset 40
 159              	.LBB5:
 100:Src/stm32f1xx_hal_msp.c ****   {
 101:Src/stm32f1xx_hal_msp.c ****   /* USER CODE BEGIN CAN1_MspInit 0 */
 102:Src/stm32f1xx_hal_msp.c **** 
 103:Src/stm32f1xx_hal_msp.c ****   /* USER CODE END CAN1_MspInit 0 */
 104:Src/stm32f1xx_hal_msp.c ****     /* Peripheral clock enable */
 105:Src/stm32f1xx_hal_msp.c ****     __HAL_RCC_CAN1_CLK_ENABLE();
 160              		.loc 1 105 0
 161 000c 03F5D633 		add	r3, r3, #109568
 162 0010 DA69     		ldr	r2, [r3, #28]
 163 0012 42F00072 		orr	r2, r2, #33554432
 164 0016 DA61     		str	r2, [r3, #28]
 165 0018 DB69     		ldr	r3, [r3, #28]
 166 001a 03F00073 		and	r3, r3, #33554432
 167 001e 0193     		str	r3, [sp, #4]
 168 0020 019B     		ldr	r3, [sp, #4]
 169              	.LBE5:
 106:Src/stm32f1xx_hal_msp.c ****   
 107:Src/stm32f1xx_hal_msp.c ****     /**CAN GPIO Configuration    
 108:Src/stm32f1xx_hal_msp.c ****     PB8     ------> CAN_RX
 109:Src/stm32f1xx_hal_msp.c ****     PB9     ------> CAN_TX 
 110:Src/stm32f1xx_hal_msp.c ****     */
 111:Src/stm32f1xx_hal_msp.c ****     GPIO_InitStruct.Pin = GPIO_PIN_8;
 170              		.loc 1 111 0
 171 0022 4FF48073 		mov	r3, #256
 172 0026 0293     		str	r3, [sp, #8]
 112:Src/stm32f1xx_hal_msp.c ****     GPIO_InitStruct.Mode = GPIO_MODE_INPUT;
 173              		.loc 1 112 0
 174 0028 0024     		movs	r4, #0
 175 002a 0394     		str	r4, [sp, #12]
ARM GAS  /tmp/ccZZYvEA.s 			page 6


 113:Src/stm32f1xx_hal_msp.c ****     GPIO_InitStruct.Pull = GPIO_NOPULL;
 176              		.loc 1 113 0
 177 002c 0494     		str	r4, [sp, #16]
 114:Src/stm32f1xx_hal_msp.c ****     HAL_GPIO_Init(GPIOB, &GPIO_InitStruct);
 178              		.loc 1 114 0
 179 002e 134D     		ldr	r5, .L9+4
 180 0030 02A9     		add	r1, sp, #8
 181 0032 2846     		mov	r0, r5
 182              	.LVL12:
 183 0034 FFF7FEFF 		bl	HAL_GPIO_Init
 184              	.LVL13:
 115:Src/stm32f1xx_hal_msp.c **** 
 116:Src/stm32f1xx_hal_msp.c ****     GPIO_InitStruct.Pin = GPIO_PIN_9;
 185              		.loc 1 116 0
 186 0038 4FF40073 		mov	r3, #512
 187 003c 0293     		str	r3, [sp, #8]
 117:Src/stm32f1xx_hal_msp.c ****     GPIO_InitStruct.Mode = GPIO_MODE_AF_PP;
 188              		.loc 1 117 0
 189 003e 0223     		movs	r3, #2
 190 0040 0393     		str	r3, [sp, #12]
 118:Src/stm32f1xx_hal_msp.c ****     GPIO_InitStruct.Speed = GPIO_SPEED_FREQ_HIGH;
 191              		.loc 1 118 0
 192 0042 0323     		movs	r3, #3
 193 0044 0593     		str	r3, [sp, #20]
 119:Src/stm32f1xx_hal_msp.c ****     HAL_GPIO_Init(GPIOB, &GPIO_InitStruct);
 194              		.loc 1 119 0
 195 0046 02A9     		add	r1, sp, #8
 196 0048 2846     		mov	r0, r5
 197 004a FFF7FEFF 		bl	HAL_GPIO_Init
 198              	.LVL14:
 199              	.LBB6:
 120:Src/stm32f1xx_hal_msp.c **** 
 121:Src/stm32f1xx_hal_msp.c ****     __HAL_AFIO_REMAP_CAN1_2();
 200              		.loc 1 121 0
 201 004e 0C4A     		ldr	r2, .L9+8
 202 0050 5368     		ldr	r3, [r2, #4]
 203              	.LVL15:
 204 0052 23F4C043 		bic	r3, r3, #24576
 205              	.LVL16:
 206 0056 43F0E063 		orr	r3, r3, #117440512
 207              	.LVL17:
 208 005a 43F48043 		orr	r3, r3, #16384
 209              	.LVL18:
 210 005e 5360     		str	r3, [r2, #4]
 211              	.LBE6:
 122:Src/stm32f1xx_hal_msp.c **** 
 123:Src/stm32f1xx_hal_msp.c ****     /* CAN1 interrupt Init */
 124:Src/stm32f1xx_hal_msp.c ****     HAL_NVIC_SetPriority(USB_LP_CAN1_RX0_IRQn, 5, 0);
 212              		.loc 1 124 0
 213 0060 2246     		mov	r2, r4
 214 0062 0521     		movs	r1, #5
 215 0064 1420     		movs	r0, #20
 216 0066 FFF7FEFF 		bl	HAL_NVIC_SetPriority
 217              	.LVL19:
 125:Src/stm32f1xx_hal_msp.c ****     HAL_NVIC_EnableIRQ(USB_LP_CAN1_RX0_IRQn);
 218              		.loc 1 125 0
 219 006a 1420     		movs	r0, #20
ARM GAS  /tmp/ccZZYvEA.s 			page 7


 220 006c FFF7FEFF 		bl	HAL_NVIC_EnableIRQ
 221              	.LVL20:
 126:Src/stm32f1xx_hal_msp.c ****   /* USER CODE BEGIN CAN1_MspInit 1 */
 127:Src/stm32f1xx_hal_msp.c **** 
 128:Src/stm32f1xx_hal_msp.c ****   /* USER CODE END CAN1_MspInit 1 */
 129:Src/stm32f1xx_hal_msp.c ****   }
 130:Src/stm32f1xx_hal_msp.c **** 
 131:Src/stm32f1xx_hal_msp.c **** }
 222              		.loc 1 131 0
 223 0070 07B0     		add	sp, sp, #28
 224              	.LCFI5:
 225              		.cfi_def_cfa_offset 12
 226              		@ sp needed
 227 0072 30BD     		pop	{r4, r5, pc}
 228              	.LVL21:
 229              	.L8:
 230              	.LCFI6:
 231              		.cfi_def_cfa_offset 0
 232              		.cfi_restore 4
 233              		.cfi_restore 5
 234              		.cfi_restore 14
 235 0074 7047     		bx	lr
 236              	.L10:
 237 0076 00BF     		.align	2
 238              	.L9:
 239 0078 00640040 		.word	1073767424
 240 007c 000C0140 		.word	1073810432
 241 0080 00000140 		.word	1073807360
 242              		.cfi_endproc
 243              	.LFE65:
 245              		.section	.text.HAL_CAN_MspDeInit,"ax",%progbits
 246              		.align	2
 247              		.global	HAL_CAN_MspDeInit
 248              		.thumb
 249              		.thumb_func
 251              	HAL_CAN_MspDeInit:
 252              	.LFB66:
 132:Src/stm32f1xx_hal_msp.c **** 
 133:Src/stm32f1xx_hal_msp.c **** void HAL_CAN_MspDeInit(CAN_HandleTypeDef* hcan)
 134:Src/stm32f1xx_hal_msp.c **** {
 253              		.loc 1 134 0
 254              		.cfi_startproc
 255              		@ args = 0, pretend = 0, frame = 0
 256              		@ frame_needed = 0, uses_anonymous_args = 0
 257              	.LVL22:
 258 0000 08B5     		push	{r3, lr}
 259              	.LCFI7:
 260              		.cfi_def_cfa_offset 8
 261              		.cfi_offset 3, -8
 262              		.cfi_offset 14, -4
 135:Src/stm32f1xx_hal_msp.c **** 
 136:Src/stm32f1xx_hal_msp.c ****   if(hcan->Instance==CAN1)
 263              		.loc 1 136 0
 264 0002 0268     		ldr	r2, [r0]
 265 0004 084B     		ldr	r3, .L14
 266 0006 9A42     		cmp	r2, r3
 267 0008 0CD1     		bne	.L11
ARM GAS  /tmp/ccZZYvEA.s 			page 8


 137:Src/stm32f1xx_hal_msp.c ****   {
 138:Src/stm32f1xx_hal_msp.c ****   /* USER CODE BEGIN CAN1_MspDeInit 0 */
 139:Src/stm32f1xx_hal_msp.c **** 
 140:Src/stm32f1xx_hal_msp.c ****   /* USER CODE END CAN1_MspDeInit 0 */
 141:Src/stm32f1xx_hal_msp.c ****     /* Peripheral clock disable */
 142:Src/stm32f1xx_hal_msp.c ****     __HAL_RCC_CAN1_CLK_DISABLE();
 268              		.loc 1 142 0
 269 000a 084A     		ldr	r2, .L14+4
 270 000c D369     		ldr	r3, [r2, #28]
 271 000e 23F00073 		bic	r3, r3, #33554432
 272 0012 D361     		str	r3, [r2, #28]
 143:Src/stm32f1xx_hal_msp.c ****   
 144:Src/stm32f1xx_hal_msp.c ****     /**CAN GPIO Configuration    
 145:Src/stm32f1xx_hal_msp.c ****     PB8     ------> CAN_RX
 146:Src/stm32f1xx_hal_msp.c ****     PB9     ------> CAN_TX 
 147:Src/stm32f1xx_hal_msp.c ****     */
 148:Src/stm32f1xx_hal_msp.c ****     HAL_GPIO_DeInit(GPIOB, GPIO_PIN_8|GPIO_PIN_9);
 273              		.loc 1 148 0
 274 0014 4FF44071 		mov	r1, #768
 275 0018 0548     		ldr	r0, .L14+8
 276              	.LVL23:
 277 001a FFF7FEFF 		bl	HAL_GPIO_DeInit
 278              	.LVL24:
 149:Src/stm32f1xx_hal_msp.c **** 
 150:Src/stm32f1xx_hal_msp.c ****     /* CAN1 interrupt DeInit */
 151:Src/stm32f1xx_hal_msp.c ****     HAL_NVIC_DisableIRQ(USB_LP_CAN1_RX0_IRQn);
 279              		.loc 1 151 0
 280 001e 1420     		movs	r0, #20
 281 0020 FFF7FEFF 		bl	HAL_NVIC_DisableIRQ
 282              	.LVL25:
 283              	.L11:
 284 0024 08BD     		pop	{r3, pc}
 285              	.L15:
 286 0026 00BF     		.align	2
 287              	.L14:
 288 0028 00640040 		.word	1073767424
 289 002c 00100240 		.word	1073876992
 290 0030 000C0140 		.word	1073810432
 291              		.cfi_endproc
 292              	.LFE66:
 294              		.section	.text.HAL_TIM_PWM_MspInit,"ax",%progbits
 295              		.align	2
 296              		.global	HAL_TIM_PWM_MspInit
 297              		.thumb
 298              		.thumb_func
 300              	HAL_TIM_PWM_MspInit:
 301              	.LFB67:
 152:Src/stm32f1xx_hal_msp.c ****   /* USER CODE BEGIN CAN1_MspDeInit 1 */
 153:Src/stm32f1xx_hal_msp.c **** 
 154:Src/stm32f1xx_hal_msp.c ****   /* USER CODE END CAN1_MspDeInit 1 */
 155:Src/stm32f1xx_hal_msp.c ****   }
 156:Src/stm32f1xx_hal_msp.c **** 
 157:Src/stm32f1xx_hal_msp.c **** }
 158:Src/stm32f1xx_hal_msp.c **** 
 159:Src/stm32f1xx_hal_msp.c **** void HAL_TIM_PWM_MspInit(TIM_HandleTypeDef* htim_pwm)
 160:Src/stm32f1xx_hal_msp.c **** {
 302              		.loc 1 160 0
ARM GAS  /tmp/ccZZYvEA.s 			page 9


 303              		.cfi_startproc
 304              		@ args = 0, pretend = 0, frame = 8
 305              		@ frame_needed = 0, uses_anonymous_args = 0
 306              		@ link register save eliminated.
 307              	.LVL26:
 161:Src/stm32f1xx_hal_msp.c **** 
 162:Src/stm32f1xx_hal_msp.c ****   if(htim_pwm->Instance==TIM3)
 308              		.loc 1 162 0
 309 0000 0268     		ldr	r2, [r0]
 310 0002 084B     		ldr	r3, .L21
 311 0004 9A42     		cmp	r2, r3
 312 0006 0CD1     		bne	.L20
 160:Src/stm32f1xx_hal_msp.c **** 
 313              		.loc 1 160 0
 314 0008 82B0     		sub	sp, sp, #8
 315              	.LCFI8:
 316              		.cfi_def_cfa_offset 8
 317              	.LBB7:
 163:Src/stm32f1xx_hal_msp.c ****   {
 164:Src/stm32f1xx_hal_msp.c ****   /* USER CODE BEGIN TIM3_MspInit 0 */
 165:Src/stm32f1xx_hal_msp.c **** 
 166:Src/stm32f1xx_hal_msp.c ****   /* USER CODE END TIM3_MspInit 0 */
 167:Src/stm32f1xx_hal_msp.c ****     /* Peripheral clock enable */
 168:Src/stm32f1xx_hal_msp.c ****     __HAL_RCC_TIM3_CLK_ENABLE();
 318              		.loc 1 168 0
 319 000a 03F50333 		add	r3, r3, #134144
 320 000e DA69     		ldr	r2, [r3, #28]
 321 0010 42F00202 		orr	r2, r2, #2
 322 0014 DA61     		str	r2, [r3, #28]
 323 0016 DB69     		ldr	r3, [r3, #28]
 324 0018 03F00203 		and	r3, r3, #2
 325 001c 0193     		str	r3, [sp, #4]
 326 001e 019B     		ldr	r3, [sp, #4]
 327              	.LBE7:
 169:Src/stm32f1xx_hal_msp.c ****   /* USER CODE BEGIN TIM3_MspInit 1 */
 170:Src/stm32f1xx_hal_msp.c **** 
 171:Src/stm32f1xx_hal_msp.c ****   /* USER CODE END TIM3_MspInit 1 */
 172:Src/stm32f1xx_hal_msp.c ****   }
 173:Src/stm32f1xx_hal_msp.c **** 
 174:Src/stm32f1xx_hal_msp.c **** }
 328              		.loc 1 174 0
 329 0020 02B0     		add	sp, sp, #8
 330              	.LCFI9:
 331              		.cfi_def_cfa_offset 0
 332              		@ sp needed
 333              	.L20:
 334 0022 7047     		bx	lr
 335              	.L22:
 336              		.align	2
 337              	.L21:
 338 0024 00040040 		.word	1073742848
 339              		.cfi_endproc
 340              	.LFE67:
 342              		.section	.text.HAL_TIM_MspPostInit,"ax",%progbits
 343              		.align	2
 344              		.global	HAL_TIM_MspPostInit
 345              		.thumb
ARM GAS  /tmp/ccZZYvEA.s 			page 10


 346              		.thumb_func
 348              	HAL_TIM_MspPostInit:
 349              	.LFB68:
 175:Src/stm32f1xx_hal_msp.c **** 
 176:Src/stm32f1xx_hal_msp.c **** void HAL_TIM_MspPostInit(TIM_HandleTypeDef* htim)
 177:Src/stm32f1xx_hal_msp.c **** {
 350              		.loc 1 177 0
 351              		.cfi_startproc
 352              		@ args = 0, pretend = 0, frame = 16
 353              		@ frame_needed = 0, uses_anonymous_args = 0
 354              	.LVL27:
 178:Src/stm32f1xx_hal_msp.c **** 
 179:Src/stm32f1xx_hal_msp.c ****   GPIO_InitTypeDef GPIO_InitStruct;
 180:Src/stm32f1xx_hal_msp.c ****   if(htim->Instance==TIM3)
 355              		.loc 1 180 0
 356 0000 0268     		ldr	r2, [r0]
 357 0002 0C4B     		ldr	r3, .L27
 358 0004 9A42     		cmp	r2, r3
 359 0006 14D1     		bne	.L26
 177:Src/stm32f1xx_hal_msp.c **** 
 360              		.loc 1 177 0
 361 0008 00B5     		push	{lr}
 362              	.LCFI10:
 363              		.cfi_def_cfa_offset 4
 364              		.cfi_offset 14, -4
 365 000a 85B0     		sub	sp, sp, #20
 366              	.LCFI11:
 367              		.cfi_def_cfa_offset 24
 181:Src/stm32f1xx_hal_msp.c ****   {
 182:Src/stm32f1xx_hal_msp.c ****   /* USER CODE BEGIN TIM3_MspPostInit 0 */
 183:Src/stm32f1xx_hal_msp.c **** 
 184:Src/stm32f1xx_hal_msp.c ****   /* USER CODE END TIM3_MspPostInit 0 */
 185:Src/stm32f1xx_hal_msp.c ****   
 186:Src/stm32f1xx_hal_msp.c ****     /**TIM3 GPIO Configuration    
 187:Src/stm32f1xx_hal_msp.c ****     PC7     ------> TIM3_CH2 
 188:Src/stm32f1xx_hal_msp.c ****     */
 189:Src/stm32f1xx_hal_msp.c ****     GPIO_InitStruct.Pin = GPIO_PIN_7;
 368              		.loc 1 189 0
 369 000c 8023     		movs	r3, #128
 370 000e 0093     		str	r3, [sp]
 190:Src/stm32f1xx_hal_msp.c ****     GPIO_InitStruct.Mode = GPIO_MODE_AF_PP;
 371              		.loc 1 190 0
 372 0010 0223     		movs	r3, #2
 373 0012 0193     		str	r3, [sp, #4]
 191:Src/stm32f1xx_hal_msp.c ****     GPIO_InitStruct.Speed = GPIO_SPEED_FREQ_LOW;
 374              		.loc 1 191 0
 375 0014 0393     		str	r3, [sp, #12]
 192:Src/stm32f1xx_hal_msp.c ****     HAL_GPIO_Init(GPIOC, &GPIO_InitStruct);
 376              		.loc 1 192 0
 377 0016 6946     		mov	r1, sp
 378 0018 0748     		ldr	r0, .L27+4
 379              	.LVL28:
 380 001a FFF7FEFF 		bl	HAL_GPIO_Init
 381              	.LVL29:
 382              	.LBB8:
 193:Src/stm32f1xx_hal_msp.c **** 
 194:Src/stm32f1xx_hal_msp.c ****     __HAL_AFIO_REMAP_TIM3_ENABLE();
ARM GAS  /tmp/ccZZYvEA.s 			page 11


 383              		.loc 1 194 0
 384 001e 074A     		ldr	r2, .L27+8
 385 0020 5368     		ldr	r3, [r2, #4]
 386              	.LVL30:
 387 0022 43F0E063 		orr	r3, r3, #117440512
 388              	.LVL31:
 389 0026 43F44063 		orr	r3, r3, #3072
 390              	.LVL32:
 391 002a 5360     		str	r3, [r2, #4]
 392              	.LBE8:
 195:Src/stm32f1xx_hal_msp.c **** 
 196:Src/stm32f1xx_hal_msp.c ****   /* USER CODE BEGIN TIM3_MspPostInit 1 */
 197:Src/stm32f1xx_hal_msp.c **** 
 198:Src/stm32f1xx_hal_msp.c ****   /* USER CODE END TIM3_MspPostInit 1 */
 199:Src/stm32f1xx_hal_msp.c ****   }
 200:Src/stm32f1xx_hal_msp.c **** 
 201:Src/stm32f1xx_hal_msp.c **** }
 393              		.loc 1 201 0
 394 002c 05B0     		add	sp, sp, #20
 395              	.LCFI12:
 396              		.cfi_def_cfa_offset 4
 397              		@ sp needed
 398 002e 5DF804FB 		ldr	pc, [sp], #4
 399              	.LVL33:
 400              	.L26:
 401              	.LCFI13:
 402              		.cfi_def_cfa_offset 0
 403              		.cfi_restore 14
 404 0032 7047     		bx	lr
 405              	.L28:
 406              		.align	2
 407              	.L27:
 408 0034 00040040 		.word	1073742848
 409 0038 00100140 		.word	1073811456
 410 003c 00000140 		.word	1073807360
 411              		.cfi_endproc
 412              	.LFE68:
 414              		.section	.text.HAL_TIM_PWM_MspDeInit,"ax",%progbits
 415              		.align	2
 416              		.global	HAL_TIM_PWM_MspDeInit
 417              		.thumb
 418              		.thumb_func
 420              	HAL_TIM_PWM_MspDeInit:
 421              	.LFB69:
 202:Src/stm32f1xx_hal_msp.c **** 
 203:Src/stm32f1xx_hal_msp.c **** void HAL_TIM_PWM_MspDeInit(TIM_HandleTypeDef* htim_pwm)
 204:Src/stm32f1xx_hal_msp.c **** {
 422              		.loc 1 204 0
 423              		.cfi_startproc
 424              		@ args = 0, pretend = 0, frame = 0
 425              		@ frame_needed = 0, uses_anonymous_args = 0
 426              		@ link register save eliminated.
 427              	.LVL34:
 205:Src/stm32f1xx_hal_msp.c **** 
 206:Src/stm32f1xx_hal_msp.c ****   if(htim_pwm->Instance==TIM3)
 428              		.loc 1 206 0
 429 0000 0268     		ldr	r2, [r0]
ARM GAS  /tmp/ccZZYvEA.s 			page 12


 430 0002 044B     		ldr	r3, .L31
 431 0004 9A42     		cmp	r2, r3
 432 0006 04D1     		bne	.L29
 207:Src/stm32f1xx_hal_msp.c ****   {
 208:Src/stm32f1xx_hal_msp.c ****   /* USER CODE BEGIN TIM3_MspDeInit 0 */
 209:Src/stm32f1xx_hal_msp.c **** 
 210:Src/stm32f1xx_hal_msp.c ****   /* USER CODE END TIM3_MspDeInit 0 */
 211:Src/stm32f1xx_hal_msp.c ****     /* Peripheral clock disable */
 212:Src/stm32f1xx_hal_msp.c ****     __HAL_RCC_TIM3_CLK_DISABLE();
 433              		.loc 1 212 0
 434 0008 034A     		ldr	r2, .L31+4
 435 000a D369     		ldr	r3, [r2, #28]
 436 000c 23F00203 		bic	r3, r3, #2
 437 0010 D361     		str	r3, [r2, #28]
 438              	.L29:
 439 0012 7047     		bx	lr
 440              	.L32:
 441              		.align	2
 442              	.L31:
 443 0014 00040040 		.word	1073742848
 444 0018 00100240 		.word	1073876992
 445              		.cfi_endproc
 446              	.LFE69:
 448              		.section	.text.HAL_UART_MspInit,"ax",%progbits
 449              		.align	2
 450              		.global	HAL_UART_MspInit
 451              		.thumb
 452              		.thumb_func
 454              	HAL_UART_MspInit:
 455              	.LFB70:
 213:Src/stm32f1xx_hal_msp.c ****   /* USER CODE BEGIN TIM3_MspDeInit 1 */
 214:Src/stm32f1xx_hal_msp.c **** 
 215:Src/stm32f1xx_hal_msp.c ****   /* USER CODE END TIM3_MspDeInit 1 */
 216:Src/stm32f1xx_hal_msp.c ****   }
 217:Src/stm32f1xx_hal_msp.c **** 
 218:Src/stm32f1xx_hal_msp.c **** }
 219:Src/stm32f1xx_hal_msp.c **** 
 220:Src/stm32f1xx_hal_msp.c **** void HAL_UART_MspInit(UART_HandleTypeDef* huart)
 221:Src/stm32f1xx_hal_msp.c **** {
 456              		.loc 1 221 0
 457              		.cfi_startproc
 458              		@ args = 0, pretend = 0, frame = 24
 459              		@ frame_needed = 0, uses_anonymous_args = 0
 460              	.LVL35:
 461 0000 30B5     		push	{r4, r5, lr}
 462              	.LCFI14:
 463              		.cfi_def_cfa_offset 12
 464              		.cfi_offset 4, -12
 465              		.cfi_offset 5, -8
 466              		.cfi_offset 14, -4
 467 0002 87B0     		sub	sp, sp, #28
 468              	.LCFI15:
 469              		.cfi_def_cfa_offset 40
 222:Src/stm32f1xx_hal_msp.c **** 
 223:Src/stm32f1xx_hal_msp.c ****   GPIO_InitTypeDef GPIO_InitStruct;
 224:Src/stm32f1xx_hal_msp.c ****   if(huart->Instance==USART1)
 470              		.loc 1 224 0
ARM GAS  /tmp/ccZZYvEA.s 			page 13


 471 0004 0368     		ldr	r3, [r0]
 472 0006 284A     		ldr	r2, .L37
 473 0008 9342     		cmp	r3, r2
 474 000a 20D1     		bne	.L34
 475              	.LBB9:
 225:Src/stm32f1xx_hal_msp.c ****   {
 226:Src/stm32f1xx_hal_msp.c ****   /* USER CODE BEGIN USART1_MspInit 0 */
 227:Src/stm32f1xx_hal_msp.c **** 
 228:Src/stm32f1xx_hal_msp.c ****   /* USER CODE END USART1_MspInit 0 */
 229:Src/stm32f1xx_hal_msp.c ****     /* Peripheral clock enable */
 230:Src/stm32f1xx_hal_msp.c ****     __HAL_RCC_USART1_CLK_ENABLE();
 476              		.loc 1 230 0
 477 000c 274B     		ldr	r3, .L37+4
 478 000e 9A69     		ldr	r2, [r3, #24]
 479 0010 42F48042 		orr	r2, r2, #16384
 480 0014 9A61     		str	r2, [r3, #24]
 481 0016 9B69     		ldr	r3, [r3, #24]
 482 0018 03F48043 		and	r3, r3, #16384
 483 001c 0093     		str	r3, [sp]
 484 001e 009B     		ldr	r3, [sp]
 485              	.LBE9:
 231:Src/stm32f1xx_hal_msp.c ****   
 232:Src/stm32f1xx_hal_msp.c ****     /**USART1 GPIO Configuration    
 233:Src/stm32f1xx_hal_msp.c ****     PA9     ------> USART1_TX
 234:Src/stm32f1xx_hal_msp.c ****     PA10     ------> USART1_RX 
 235:Src/stm32f1xx_hal_msp.c ****     */
 236:Src/stm32f1xx_hal_msp.c ****     GPIO_InitStruct.Pin = GPIO_PIN_9;
 486              		.loc 1 236 0
 487 0020 4FF40073 		mov	r3, #512
 488 0024 0293     		str	r3, [sp, #8]
 237:Src/stm32f1xx_hal_msp.c ****     GPIO_InitStruct.Mode = GPIO_MODE_AF_PP;
 489              		.loc 1 237 0
 490 0026 0223     		movs	r3, #2
 491 0028 0393     		str	r3, [sp, #12]
 238:Src/stm32f1xx_hal_msp.c ****     GPIO_InitStruct.Speed = GPIO_SPEED_FREQ_HIGH;
 492              		.loc 1 238 0
 493 002a 0323     		movs	r3, #3
 494 002c 0593     		str	r3, [sp, #20]
 239:Src/stm32f1xx_hal_msp.c ****     HAL_GPIO_Init(GPIOA, &GPIO_InitStruct);
 495              		.loc 1 239 0
 496 002e 204C     		ldr	r4, .L37+8
 497 0030 02A9     		add	r1, sp, #8
 498 0032 2046     		mov	r0, r4
 499              	.LVL36:
 500 0034 FFF7FEFF 		bl	HAL_GPIO_Init
 501              	.LVL37:
 240:Src/stm32f1xx_hal_msp.c **** 
 241:Src/stm32f1xx_hal_msp.c ****     GPIO_InitStruct.Pin = GPIO_PIN_10;
 502              		.loc 1 241 0
 503 0038 4FF48063 		mov	r3, #1024
 504 003c 0293     		str	r3, [sp, #8]
 242:Src/stm32f1xx_hal_msp.c ****     GPIO_InitStruct.Mode = GPIO_MODE_INPUT;
 505              		.loc 1 242 0
 506 003e 0023     		movs	r3, #0
 507 0040 0393     		str	r3, [sp, #12]
 243:Src/stm32f1xx_hal_msp.c ****     GPIO_InitStruct.Pull = GPIO_NOPULL;
 508              		.loc 1 243 0
ARM GAS  /tmp/ccZZYvEA.s 			page 14


 509 0042 0493     		str	r3, [sp, #16]
 244:Src/stm32f1xx_hal_msp.c ****     HAL_GPIO_Init(GPIOA, &GPIO_InitStruct);
 510              		.loc 1 244 0
 511 0044 02A9     		add	r1, sp, #8
 512 0046 2046     		mov	r0, r4
 513 0048 FFF7FEFF 		bl	HAL_GPIO_Init
 514              	.LVL38:
 515 004c 29E0     		b	.L33
 516              	.LVL39:
 517              	.L34:
 245:Src/stm32f1xx_hal_msp.c **** 
 246:Src/stm32f1xx_hal_msp.c ****   /* USER CODE BEGIN USART1_MspInit 1 */
 247:Src/stm32f1xx_hal_msp.c **** 
 248:Src/stm32f1xx_hal_msp.c ****   /* USER CODE END USART1_MspInit 1 */
 249:Src/stm32f1xx_hal_msp.c ****   }
 250:Src/stm32f1xx_hal_msp.c ****   else if(huart->Instance==USART2)
 518              		.loc 1 250 0
 519 004e 194A     		ldr	r2, .L37+12
 520 0050 9342     		cmp	r3, r2
 521 0052 26D1     		bne	.L33
 522              	.LBB10:
 251:Src/stm32f1xx_hal_msp.c ****   {
 252:Src/stm32f1xx_hal_msp.c ****   /* USER CODE BEGIN USART2_MspInit 0 */
 253:Src/stm32f1xx_hal_msp.c **** 
 254:Src/stm32f1xx_hal_msp.c ****   /* USER CODE END USART2_MspInit 0 */
 255:Src/stm32f1xx_hal_msp.c ****     /* Peripheral clock enable */
 256:Src/stm32f1xx_hal_msp.c ****     __HAL_RCC_USART2_CLK_ENABLE();
 523              		.loc 1 256 0
 524 0054 154B     		ldr	r3, .L37+4
 525 0056 DA69     		ldr	r2, [r3, #28]
 526 0058 42F40032 		orr	r2, r2, #131072
 527 005c DA61     		str	r2, [r3, #28]
 528 005e DB69     		ldr	r3, [r3, #28]
 529 0060 03F40033 		and	r3, r3, #131072
 530 0064 0193     		str	r3, [sp, #4]
 531 0066 019B     		ldr	r3, [sp, #4]
 532              	.LBE10:
 257:Src/stm32f1xx_hal_msp.c ****   
 258:Src/stm32f1xx_hal_msp.c ****     /**USART2 GPIO Configuration    
 259:Src/stm32f1xx_hal_msp.c ****     PA2     ------> USART2_TX
 260:Src/stm32f1xx_hal_msp.c ****     PA3     ------> USART2_RX 
 261:Src/stm32f1xx_hal_msp.c ****     */
 262:Src/stm32f1xx_hal_msp.c ****     GPIO_InitStruct.Pin = GPIO_PIN_2;
 533              		.loc 1 262 0
 534 0068 0423     		movs	r3, #4
 535 006a 0293     		str	r3, [sp, #8]
 263:Src/stm32f1xx_hal_msp.c ****     GPIO_InitStruct.Mode = GPIO_MODE_AF_PP;
 536              		.loc 1 263 0
 537 006c 0223     		movs	r3, #2
 538 006e 0393     		str	r3, [sp, #12]
 264:Src/stm32f1xx_hal_msp.c ****     GPIO_InitStruct.Speed = GPIO_SPEED_FREQ_HIGH;
 539              		.loc 1 264 0
 540 0070 0323     		movs	r3, #3
 541 0072 0593     		str	r3, [sp, #20]
 265:Src/stm32f1xx_hal_msp.c ****     HAL_GPIO_Init(GPIOA, &GPIO_InitStruct);
 542              		.loc 1 265 0
 543 0074 0E4D     		ldr	r5, .L37+8
ARM GAS  /tmp/ccZZYvEA.s 			page 15


 544 0076 02A9     		add	r1, sp, #8
 545 0078 2846     		mov	r0, r5
 546              	.LVL40:
 547 007a FFF7FEFF 		bl	HAL_GPIO_Init
 548              	.LVL41:
 266:Src/stm32f1xx_hal_msp.c **** 
 267:Src/stm32f1xx_hal_msp.c ****     GPIO_InitStruct.Pin = GPIO_PIN_3;
 549              		.loc 1 267 0
 550 007e 0823     		movs	r3, #8
 551 0080 0293     		str	r3, [sp, #8]
 268:Src/stm32f1xx_hal_msp.c ****     GPIO_InitStruct.Mode = GPIO_MODE_INPUT;
 552              		.loc 1 268 0
 553 0082 0024     		movs	r4, #0
 554 0084 0394     		str	r4, [sp, #12]
 269:Src/stm32f1xx_hal_msp.c ****     GPIO_InitStruct.Pull = GPIO_NOPULL;
 555              		.loc 1 269 0
 556 0086 0494     		str	r4, [sp, #16]
 270:Src/stm32f1xx_hal_msp.c ****     HAL_GPIO_Init(GPIOA, &GPIO_InitStruct);
 557              		.loc 1 270 0
 558 0088 0DEB0301 		add	r1, sp, r3
 559 008c 2846     		mov	r0, r5
 560 008e FFF7FEFF 		bl	HAL_GPIO_Init
 561              	.LVL42:
 271:Src/stm32f1xx_hal_msp.c **** 
 272:Src/stm32f1xx_hal_msp.c ****     /* USART2 interrupt Init */
 273:Src/stm32f1xx_hal_msp.c ****     HAL_NVIC_SetPriority(USART2_IRQn, 6, 0);
 562              		.loc 1 273 0
 563 0092 2246     		mov	r2, r4
 564 0094 0621     		movs	r1, #6
 565 0096 2620     		movs	r0, #38
 566 0098 FFF7FEFF 		bl	HAL_NVIC_SetPriority
 567              	.LVL43:
 274:Src/stm32f1xx_hal_msp.c ****     HAL_NVIC_EnableIRQ(USART2_IRQn);
 568              		.loc 1 274 0
 569 009c 2620     		movs	r0, #38
 570 009e FFF7FEFF 		bl	HAL_NVIC_EnableIRQ
 571              	.LVL44:
 572              	.L33:
 275:Src/stm32f1xx_hal_msp.c ****   /* USER CODE BEGIN USART2_MspInit 1 */
 276:Src/stm32f1xx_hal_msp.c **** 
 277:Src/stm32f1xx_hal_msp.c ****   /* USER CODE END USART2_MspInit 1 */
 278:Src/stm32f1xx_hal_msp.c ****   }
 279:Src/stm32f1xx_hal_msp.c **** 
 280:Src/stm32f1xx_hal_msp.c **** }
 573              		.loc 1 280 0
 574 00a2 07B0     		add	sp, sp, #28
 575              	.LCFI16:
 576              		.cfi_def_cfa_offset 12
 577              		@ sp needed
 578 00a4 30BD     		pop	{r4, r5, pc}
 579              	.L38:
 580 00a6 00BF     		.align	2
 581              	.L37:
 582 00a8 00380140 		.word	1073821696
 583 00ac 00100240 		.word	1073876992
 584 00b0 00080140 		.word	1073809408
 585 00b4 00440040 		.word	1073759232
ARM GAS  /tmp/ccZZYvEA.s 			page 16


 586              		.cfi_endproc
 587              	.LFE70:
 589              		.section	.text.HAL_UART_MspDeInit,"ax",%progbits
 590              		.align	2
 591              		.global	HAL_UART_MspDeInit
 592              		.thumb
 593              		.thumb_func
 595              	HAL_UART_MspDeInit:
 596              	.LFB71:
 281:Src/stm32f1xx_hal_msp.c **** 
 282:Src/stm32f1xx_hal_msp.c **** void HAL_UART_MspDeInit(UART_HandleTypeDef* huart)
 283:Src/stm32f1xx_hal_msp.c **** {
 597              		.loc 1 283 0
 598              		.cfi_startproc
 599              		@ args = 0, pretend = 0, frame = 0
 600              		@ frame_needed = 0, uses_anonymous_args = 0
 601              	.LVL45:
 602 0000 08B5     		push	{r3, lr}
 603              	.LCFI17:
 604              		.cfi_def_cfa_offset 8
 605              		.cfi_offset 3, -8
 606              		.cfi_offset 14, -4
 284:Src/stm32f1xx_hal_msp.c **** 
 285:Src/stm32f1xx_hal_msp.c ****   if(huart->Instance==USART1)
 607              		.loc 1 285 0
 608 0002 0368     		ldr	r3, [r0]
 609 0004 0F4A     		ldr	r2, .L43
 610 0006 9342     		cmp	r3, r2
 611 0008 0BD1     		bne	.L40
 286:Src/stm32f1xx_hal_msp.c ****   {
 287:Src/stm32f1xx_hal_msp.c ****   /* USER CODE BEGIN USART1_MspDeInit 0 */
 288:Src/stm32f1xx_hal_msp.c **** 
 289:Src/stm32f1xx_hal_msp.c ****   /* USER CODE END USART1_MspDeInit 0 */
 290:Src/stm32f1xx_hal_msp.c ****     /* Peripheral clock disable */
 291:Src/stm32f1xx_hal_msp.c ****     __HAL_RCC_USART1_CLK_DISABLE();
 612              		.loc 1 291 0
 613 000a 02F55842 		add	r2, r2, #55296
 614 000e 9369     		ldr	r3, [r2, #24]
 615 0010 23F48043 		bic	r3, r3, #16384
 616 0014 9361     		str	r3, [r2, #24]
 292:Src/stm32f1xx_hal_msp.c ****   
 293:Src/stm32f1xx_hal_msp.c ****     /**USART1 GPIO Configuration    
 294:Src/stm32f1xx_hal_msp.c ****     PA9     ------> USART1_TX
 295:Src/stm32f1xx_hal_msp.c ****     PA10     ------> USART1_RX 
 296:Src/stm32f1xx_hal_msp.c ****     */
 297:Src/stm32f1xx_hal_msp.c ****     HAL_GPIO_DeInit(GPIOA, GPIO_PIN_9|GPIO_PIN_10);
 617              		.loc 1 297 0
 618 0016 4FF4C061 		mov	r1, #1536
 619 001a 0B48     		ldr	r0, .L43+4
 620              	.LVL46:
 621 001c FFF7FEFF 		bl	HAL_GPIO_DeInit
 622              	.LVL47:
 623 0020 08BD     		pop	{r3, pc}
 624              	.LVL48:
 625              	.L40:
 298:Src/stm32f1xx_hal_msp.c **** 
 299:Src/stm32f1xx_hal_msp.c ****   /* USER CODE BEGIN USART1_MspDeInit 1 */
ARM GAS  /tmp/ccZZYvEA.s 			page 17


 300:Src/stm32f1xx_hal_msp.c **** 
 301:Src/stm32f1xx_hal_msp.c ****   /* USER CODE END USART1_MspDeInit 1 */
 302:Src/stm32f1xx_hal_msp.c ****   }
 303:Src/stm32f1xx_hal_msp.c ****   else if(huart->Instance==USART2)
 626              		.loc 1 303 0
 627 0022 0A4A     		ldr	r2, .L43+8
 628 0024 9342     		cmp	r3, r2
 629 0026 0CD1     		bne	.L39
 304:Src/stm32f1xx_hal_msp.c ****   {
 305:Src/stm32f1xx_hal_msp.c ****   /* USER CODE BEGIN USART2_MspDeInit 0 */
 306:Src/stm32f1xx_hal_msp.c **** 
 307:Src/stm32f1xx_hal_msp.c ****   /* USER CODE END USART2_MspDeInit 0 */
 308:Src/stm32f1xx_hal_msp.c ****     /* Peripheral clock disable */
 309:Src/stm32f1xx_hal_msp.c ****     __HAL_RCC_USART2_CLK_DISABLE();
 630              		.loc 1 309 0
 631 0028 02F5E632 		add	r2, r2, #117760
 632 002c D369     		ldr	r3, [r2, #28]
 633 002e 23F40033 		bic	r3, r3, #131072
 634 0032 D361     		str	r3, [r2, #28]
 310:Src/stm32f1xx_hal_msp.c ****   
 311:Src/stm32f1xx_hal_msp.c ****     /**USART2 GPIO Configuration    
 312:Src/stm32f1xx_hal_msp.c ****     PA2     ------> USART2_TX
 313:Src/stm32f1xx_hal_msp.c ****     PA3     ------> USART2_RX 
 314:Src/stm32f1xx_hal_msp.c ****     */
 315:Src/stm32f1xx_hal_msp.c ****     HAL_GPIO_DeInit(GPIOA, GPIO_PIN_2|GPIO_PIN_3);
 635              		.loc 1 315 0
 636 0034 0C21     		movs	r1, #12
 637 0036 0448     		ldr	r0, .L43+4
 638              	.LVL49:
 639 0038 FFF7FEFF 		bl	HAL_GPIO_DeInit
 640              	.LVL50:
 316:Src/stm32f1xx_hal_msp.c **** 
 317:Src/stm32f1xx_hal_msp.c ****     /* USART2 interrupt DeInit */
 318:Src/stm32f1xx_hal_msp.c ****     HAL_NVIC_DisableIRQ(USART2_IRQn);
 641              		.loc 1 318 0
 642 003c 2620     		movs	r0, #38
 643 003e FFF7FEFF 		bl	HAL_NVIC_DisableIRQ
 644              	.LVL51:
 645              	.L39:
 646 0042 08BD     		pop	{r3, pc}
 647              	.L44:
 648              		.align	2
 649              	.L43:
 650 0044 00380140 		.word	1073821696
 651 0048 00080140 		.word	1073809408
 652 004c 00440040 		.word	1073759232
 653              		.cfi_endproc
 654              	.LFE71:
 656              		.text
 657              	.Letext0:
 658              		.file 2 "/home/user/Library/gcc-arm-none-eabi-5_4-2016q3/arm-none-eabi/include/machine/_default_ty
 659              		.file 3 "/home/user/Library/gcc-arm-none-eabi-5_4-2016q3/arm-none-eabi/include/sys/_stdint.h"
 660              		.file 4 "Drivers/CMSIS/Device/ST/STM32F1xx/Include/stm32f103xe.h"
 661              		.file 5 "Drivers/STM32F1xx_HAL_Driver/Inc/stm32f1xx_hal_def.h"
 662              		.file 6 "Drivers/STM32F1xx_HAL_Driver/Inc/stm32f1xx_hal_gpio.h"
 663              		.file 7 "Drivers/STM32F1xx_HAL_Driver/Inc/stm32f1xx_hal_dma.h"
 664              		.file 8 "Drivers/STM32F1xx_HAL_Driver/Inc/stm32f1xx_hal_can.h"
ARM GAS  /tmp/ccZZYvEA.s 			page 18


 665              		.file 9 "Drivers/STM32F1xx_HAL_Driver/Inc/stm32f1xx_hal_tim.h"
 666              		.file 10 "Drivers/STM32F1xx_HAL_Driver/Inc/stm32f1xx_hal_uart.h"
 667              		.file 11 "Drivers/STM32F1xx_HAL_Driver/Inc/stm32f1xx_hal_cortex.h"
 668              		.file 12 "Drivers/CMSIS/Include/core_cm3.h"
ARM GAS  /tmp/ccZZYvEA.s 			page 19


DEFINED SYMBOLS
                            *ABS*:00000000 stm32f1xx_hal_msp.c
     /tmp/ccZZYvEA.s:20     .text.HAL_MspInit:00000000 $t
     /tmp/ccZZYvEA.s:25     .text.HAL_MspInit:00000000 HAL_MspInit
     /tmp/ccZZYvEA.s:126    .text.HAL_MspInit:00000098 $d
     /tmp/ccZZYvEA.s:132    .text.HAL_CAN_MspInit:00000000 $t
     /tmp/ccZZYvEA.s:137    .text.HAL_CAN_MspInit:00000000 HAL_CAN_MspInit
     /tmp/ccZZYvEA.s:239    .text.HAL_CAN_MspInit:00000078 $d
     /tmp/ccZZYvEA.s:246    .text.HAL_CAN_MspDeInit:00000000 $t
     /tmp/ccZZYvEA.s:251    .text.HAL_CAN_MspDeInit:00000000 HAL_CAN_MspDeInit
     /tmp/ccZZYvEA.s:288    .text.HAL_CAN_MspDeInit:00000028 $d
     /tmp/ccZZYvEA.s:295    .text.HAL_TIM_PWM_MspInit:00000000 $t
     /tmp/ccZZYvEA.s:300    .text.HAL_TIM_PWM_MspInit:00000000 HAL_TIM_PWM_MspInit
     /tmp/ccZZYvEA.s:338    .text.HAL_TIM_PWM_MspInit:00000024 $d
     /tmp/ccZZYvEA.s:343    .text.HAL_TIM_MspPostInit:00000000 $t
     /tmp/ccZZYvEA.s:348    .text.HAL_TIM_MspPostInit:00000000 HAL_TIM_MspPostInit
     /tmp/ccZZYvEA.s:408    .text.HAL_TIM_MspPostInit:00000034 $d
     /tmp/ccZZYvEA.s:415    .text.HAL_TIM_PWM_MspDeInit:00000000 $t
     /tmp/ccZZYvEA.s:420    .text.HAL_TIM_PWM_MspDeInit:00000000 HAL_TIM_PWM_MspDeInit
     /tmp/ccZZYvEA.s:443    .text.HAL_TIM_PWM_MspDeInit:00000014 $d
     /tmp/ccZZYvEA.s:449    .text.HAL_UART_MspInit:00000000 $t
     /tmp/ccZZYvEA.s:454    .text.HAL_UART_MspInit:00000000 HAL_UART_MspInit
     /tmp/ccZZYvEA.s:582    .text.HAL_UART_MspInit:000000a8 $d
     /tmp/ccZZYvEA.s:590    .text.HAL_UART_MspDeInit:00000000 $t
     /tmp/ccZZYvEA.s:595    .text.HAL_UART_MspDeInit:00000000 HAL_UART_MspDeInit
     /tmp/ccZZYvEA.s:650    .text.HAL_UART_MspDeInit:00000044 $d
                     .debug_frame:00000010 $d

UNDEFINED SYMBOLS
HAL_NVIC_SetPriorityGrouping
HAL_NVIC_SetPriority
HAL_GPIO_Init
HAL_NVIC_EnableIRQ
HAL_GPIO_DeInit
HAL_NVIC_DisableIRQ
